[2025-12-15 20:41:53.233] [INFO] [dev.kostromdan.mods.crash_assistant.app.CrashAssistantApp]: CrashAssistantApp running: JVM args: [-XX:+UseSerialGC, -XX:MaxHeapFreeRatio=30, -XX:MinHeapFreeRatio=10, -XX:MaxGCPauseMillis=10000, -Xms8m, -Xmx512m]
[2025-12-15 20:41:53.237] [INFO] [dev.kostromdan.mods.crash_assistant.app.CrashAssistantApp]: CrashAssistantApp running: program args: [-jarPath, local\crash_assistant\20584_1765827709560_app.jar, -parentPID, 20584, -parentStarted, 1765827709560, -platform, NEOFORGE, -loaderJarName, neoforge-21.1.216, -minecraftVersion, 1.21.1, -childProcessesPIDs, VU5ERUZJTkVE, -crashAssistantModJarName, CrashAssistant-neoforge-1.20.6-1.21.4-1.10.27.jar, -classPath, local\crash_assistant\20584_1765827709560_app.jar;local\crash_assistant\20584_1765827709560_mod.jar;S:\Games\Minecraft\curseforge\Install\libraries\org\apache\logging\log4j\log4j-api\2.22.1\log4j-api-2.22.1.jar;S:\Games\Minecraft\curseforge\Install\libraries\org\apache\logging\log4j\log4j-core\2.22.1\log4j-core-2.22.1.jar;S:\Games\Minecraft\curseforge\Install\libraries\com\google\code\gson\gson\2.10.1\gson-2.10.1.jar;S:\Games\Minecraft\curseforge\Install\libraries\commons-io\commons-io\2.15.1\commons-io-2.15.1.jar;S:\Games\Minecraft\curseforge\Install\libraries\net\java\dev\jna\jna\5.14.0\jna-5.14.0.jar;S:\Games\Minecraft\curseforge\Install\libraries\net\java\dev\jna\jna-platform\5.14.0\jna-platform-5.14.0.jar, -parentXms, 256m, -parentXmx, 12736m, -systemRAM, 61.6g, -processor, QU1EIFJ5emVuIDcgOTgwMFgzRCA4LUNvcmUgUHJvY2Vzc29yICAgICAgICAgICA=, -serialisedGPUs, VnVsa2FuIEdQVSBkZXRlY3Rpb24gYWRkb24gbm90IGZvdW5kLCBmYWxsaW5nIGJhY2sgdG8gRGlyZWN0WApTdWNjZXNzZnVsbHkgZGV0ZWN0ZWQgR1BVcyB1c2luZyBEaXJlY3RYOgpJTlRFR1JBVEVEIDogQU1EIFJhZGVvbihUTSkgR3JhcGhpY3MKREVESUNBVEVEIDogQU1EIFJhZGVvbiBSWCA5MDcwIFhUCg0K]
[2025-12-15 20:41:53.238] [INFO] [dev.kostromdan.mods.crash_assistant.app.CrashAssistantApp]: CrashAssistantApp running from: S:\Games\Minecraft\curseforge\Instances\FriendosServer1.0
[2025-12-15 20:41:53.256] [INFO] [dev.kostromdan.mods.crash_assistant.app.CrashAssistantApp]: crashAssistantJarName: CrashAssistant-neoforge-1.20.6-1.21.4-1.10.27.jar
[2025-12-15 20:41:53.256] [INFO] [dev.kostromdan.mods.crash_assistant.app.CrashAssistantApp]: Parent PID: 20584
[2025-12-15 20:41:53.256] [INFO] [dev.kostromdan.mods.crash_assistant.app.CrashAssistantApp]: Parent started: 1765827709560
[2025-12-15 20:41:53.261] [INFO] [dev.kostromdan.mods.crash_assistant.app.CrashAssistantApp]: Platform: NEOFORGE
[2025-12-15 20:41:53.263] [INFO] [dev.kostromdan.mods.crash_assistant.app.CrashAssistantApp]: loaderJarName: neoforge-21.1.216
[2025-12-15 20:41:53.263] [INFO] [dev.kostromdan.mods.crash_assistant.app.CrashAssistantApp]: minecraftVersion: 1.21.1
[2025-12-15 20:41:53.265] [INFO] [dev.kostromdan.mods.crash_assistant.app.CrashAssistantApp]: childProcessesPIDs: UNDEFINED
[2025-12-15 20:41:53.266] [INFO] [dev.kostromdan.mods.crash_assistant.app.CrashAssistantApp]: parentXms: 256m
[2025-12-15 20:41:53.267] [INFO] [dev.kostromdan.mods.crash_assistant.app.CrashAssistantApp]: parentXmx: 12736m
[2025-12-15 20:41:53.269] [INFO] [dev.kostromdan.mods.crash_assistant.app.CrashAssistantApp]: systemRAM: 61.6g
[2025-12-15 20:41:53.271] [INFO] [dev.kostromdan.mods.crash_assistant.app.CrashAssistantApp]: processor: AMD Ryzen 7 9800X3D 8-Core Processor           
[2025-12-15 20:41:53.272] [INFO] [dev.kostromdan.mods.crash_assistant.app.CrashAssistantApp]: Boot.serialisedGPUs:
Vulkan GPU detection addon not found, falling back to DirectX
Successfully detected GPUs using DirectX:
INTEGRATED : AMD Radeon(TM) Graphics
DEDICATED : AMD Radeon RX 9070 XT


[2025-12-15 20:41:53.273] [INFO] [dev.kostromdan.mods.crash_assistant.app.CrashAssistantApp]: os.name: windows 11
[2025-12-15 20:41:53.278] [INFO] [dev.kostromdan.mods.crash_assistant.app.CrashAssistantApp]: Java path: S:\Games\Minecraft\curseforge\Install\java\java-runtime-delta\bin\javaw.exe
[2025-12-15 20:41:53.278] [INFO] [dev.kostromdan.mods.crash_assistant.app.CrashAssistantApp]: Java version: 21.0.9+10-LTS
[2025-12-15 20:41:53.310] [INFO] [dev.kostromdan.mods.crash_assistant.app.CrashAssistantApp]: CrashAssistantApp started successfully. Waiting for PID 20584 to stop.
[2025-12-15 20:42:05.492] [INFO] [dev.kostromdan.mods.crash_assistant.app.CrashAssistantApp]: Minecraft is running on renderer:
AMD Radeon RX 9070 XT
[2025-12-15 20:49:33.599] [INFO] [dev.kostromdan.mods.crash_assistant.app.CrashAssistantApp]: PID "20584" is not alive or reused by another process. Minecraft JVM appears to have stopped.
[2025-12-15 20:49:33.635] [INFO] [dev.kostromdan.mods.crash_assistant.app.CrashAssistantApp]: Adding latest.log from S:\Games\Minecraft\curseforge\Instances\FriendosServer1.0\logs\latest.log
[2025-12-15 20:49:33.636] [INFO] [dev.kostromdan.mods.crash_assistant.app.CrashAssistantApp]: Adding debug.log from S:\Games\Minecraft\curseforge\Instances\FriendosServer1.0\logs\debug.log
[2025-12-15 20:49:33.638] [INFO] [dev.kostromdan.mods.crash_assistant.app.CrashAssistantApp]: stderr_stream.log size: 386 bytes
[2025-12-15 20:49:33.642] [INFO] [dev.kostromdan.mods.crash_assistant.app.CrashAssistantApp]: Adding KubeJS: client.log from S:\Games\Minecraft\curseforge\Instances\FriendosServer1.0\logs\kubejs\client.log
[2025-12-15 20:49:33.644] [INFO] [dev.kostromdan.mods.crash_assistant.app.CrashAssistantApp]: Adding KubeJS: startup.log from S:\Games\Minecraft\curseforge\Instances\FriendosServer1.0\logs\kubejs\startup.log
[2025-12-15 20:49:33.645] [INFO] [dev.kostromdan.mods.crash_assistant.app.CrashAssistantApp]: Adding crafttweaker.log from S:\Games\Minecraft\curseforge\Instances\FriendosServer1.0\logs\crafttweaker.log
[2025-12-15 20:49:33.646] [INFO] [dev.kostromdan.mods.crash_assistant.app.CrashAssistantApp]: Adding crash_assistant_app.log from S:\Games\Minecraft\curseforge\Instances\FriendosServer1.0\logs\crash_assistant\crash_assistant_app.log
[2025-12-15 20:49:33.646] [INFO] [dev.kostromdan.mods.crash_assistant.app.CrashAssistantApp]: Reached first tick of TitleScreen: true
[2025-12-15 20:49:33.647] [INFO] [dev.kostromdan.mods.crash_assistant.app.CrashAssistantApp]: Joined world successfully: false
[2025-12-15 20:49:33.647] [INFO] [dev.kostromdan.mods.crash_assistant.app.CrashAssistantApp]: stop() function of Minecraft fired: true
[2025-12-15 20:49:33.647] [INFO] [dev.kostromdan.mods.crash_assistant.app.CrashAssistantApp]: close() function of Minecraft failed: false
[2025-12-15 20:49:33.647] [INFO] [dev.kostromdan.mods.crash_assistant.app.CrashAssistantApp]: emergencySave() function of Minecraft fired: false
[2025-12-15 20:49:33.650] [INFO] [dev.kostromdan.mods.crash_assistant.app.CrashAssistantApp]: isModpackCreator: true
[2025-12-15 20:49:33.651] [INFO] [dev.kostromdan.mods.crash_assistant.app.CrashAssistantApp]: isHelpLinkDefault: true
[2025-12-15 20:49:33.651] [INFO] [dev.kostromdan.mods.crash_assistant.app.CrashAssistantApp]: helpLink: https://discord.neoforged.net
[2025-12-15 20:49:33.653] [INFO] [dev.kostromdan.mods.crash_assistant.app.CrashAssistantApp]: Seems like Minecraft finished normally. Trying to locate terminated processes and Exiting Crash Assistant app.
