[20:37:56] [main/INFO]: ModLauncher running: args [--username, Hurzely, --version, neoforge-21.1.216, --gameDir, S:\Games\Minecraft\curseforge\Instances\FriendosServer1.0, --assetsDir, S:\Games\Minecraft\curseforge\Install\assets, --assetIndex, 17, --uuid, 3baf4fbc36224aab98b71dcafebb15d7, --accessToken, ❄❄❄❄❄❄❄❄, --clientId, be9702-b62f48-adbad1-994193-548bf6, --xuid, 2535421483177392, --userType, msa, --versionType, release, --width, 1024, --height, 768, --quickPlayPath, S:\Games\Minecraft\curseforge\Quickplay\86afc17a-c8bb-4ba8-ae42-986fe71b3921.json, , , , --fml.neoForgeVersion, 21.1.216, --fml.fmlVersion, 4.0.42, --fml.mcVersion, 1.21.1, --fml.neoFormVersion, 20240808.144430, --launchTarget, forgeclient]
[20:37:56] [main/INFO]: JVM identified as Eclipse Adoptium OpenJDK 64-Bit Server VM 21.0.9+10-LTS
[20:37:56] [main/INFO]: ModLauncher 11.0.5+main.901c6ea8 starting: java version 21.0.9 by Eclipse Adoptium; OS Windows 11 arch amd64 version 10.0
[20:37:56] [main/INFO]: Loading ImmediateWindowProvider fmlearlywindow
[20:37:57] [main/INFO]: Trying GL version 4.6
[20:37:57] [main/INFO]: Requested GL version 4.6 got version 4.6
[20:37:57] [main/INFO]: Launching CrashAssistantApp (CrashAssistant-neoforge-1.20.6-1.21.4-1.10.27.jar)
[20:37:57] [main/WARN]: Closed old CrashAssistantApp process to prevent confusing the player with window containing information from old crash.
[20:37:57] [pool-2-thread-1/INFO]: GL info: AMD Radeon RX 9070 XT GL version 4.6.0 Core Profile Context 25.12.1.251128, ATI Technologies Inc.
[20:37:57] [main/INFO]: SpongePowered MIXIN Subsystem Version=0.8.7 Source=union:/S:/Games/Minecraft/curseforge/Install/libraries/net/fabricmc/sponge-mixin/0.15.2+mixin.0.8.7/sponge-mixin-0.15.2+mixin.0.8.7.jar%23121!/ Service=ModLauncher Env=CLIENT
[20:37:57] [main/INFO]: Found mod file "client-1.21.1-20240808.144430-srg.jar" [locator: production client provider +net.neoforged:neoforge:21.1.216:client]
[20:37:57] [main/INFO]: Found mod file "neoforge-21.1.216-universal.jar" [locator: PathBasedLocator[name=neoforge, paths=[S:\Games\Minecraft\curseforge\Install\libraries\net\neoforged\neoforge\21.1.216\neoforge-21.1.216-universal.jar]], reader: mod manifest]
[20:37:57] [main/INFO]: Found mod file "AI-Improvements-1.21-0.5.3.jar" [locator: {mods folder locator at S:\Games\Minecraft\curseforge\Instances\FriendosServer1.0\mods}, reader: mod manifest]
[20:37:57] [main/INFO]: Found mod file "alltheleaks-1.1.4+1.21.1-neoforge.jar" [locator: {mods folder locator at S:\Games\Minecraft\curseforge\Instances\FriendosServer1.0\mods}, reader: mod manifest]
[20:37:57] [main/INFO]: Found mod file "architectury-13.0.8-neoforge.jar" [locator: {mods folder locator at S:\Games\Minecraft\curseforge\Instances\FriendosServer1.0\mods}, reader: mod manifest]
[20:37:57] [main/INFO]: Found mod file "baguettelib-1.21.1-NeoForge-1.1.5.jar" [locator: {mods folder locator at S:\Games\Minecraft\curseforge\Instances\FriendosServer1.0\mods}, reader: mod manifest]
[20:37:57] [main/INFO]: Found mod file "balm-neoforge-1.21.1-21.0.55.jar" [locator: {mods folder locator at S:\Games\Minecraft\curseforge\Instances\FriendosServer1.0\mods}, reader: mod manifest]
[20:37:57] [main/INFO]: Found mod file "bcc-21.1.7+mc1.21.1.jar" [locator: {mods folder locator at S:\Games\Minecraft\curseforge\Instances\FriendosServer1.0\mods}, reader: mod manifest]
[20:37:57] [main/INFO]: Found mod file "bettersafebed-neoforge-1.21-16.jar" [locator: {mods folder locator at S:\Games\Minecraft\curseforge\Instances\FriendosServer1.0\mods}, reader: mod manifest]
[20:37:57] [main/INFO]: Found mod file "BHMenu-NeoForge-1.21-2.4.4.jar" [locator: {mods folder locator at S:\Games\Minecraft\curseforge\Instances\FriendosServer1.0\mods}, reader: mod manifest]
[20:37:57] [main/INFO]: Found mod file "bookshelf-neoforge-1.21.1-21.1.80.jar" [locator: {mods folder locator at S:\Games\Minecraft\curseforge\Instances\FriendosServer1.0\mods}, reader: mod manifest]
[20:37:57] [main/INFO]: Found mod file "chisel-neoforge-2.0.0+mc1.21.1.jar" [locator: {mods folder locator at S:\Games\Minecraft\curseforge\Instances\FriendosServer1.0\mods}, reader: mod manifest]
[20:37:57] [main/INFO]: Found mod file "chisels-and-bits-neoforge-21.1.25.jar" [locator: {mods folder locator at S:\Games\Minecraft\curseforge\Instances\FriendosServer1.0\mods}, reader: mod manifest]
[20:37:57] [main/INFO]: Found mod file "chunkactivitytracker-neoforge-1.0.1-1.21.1.jar" [locator: {mods folder locator at S:\Games\Minecraft\curseforge\Instances\FriendosServer1.0\mods}, reader: mod manifest]
[20:37:57] [main/INFO]: Found mod file "chunksending-1.21-2.8.jar" [locator: {mods folder locator at S:\Games\Minecraft\curseforge\Instances\FriendosServer1.0\mods}, reader: mod manifest]
[20:37:57] [main/INFO]: Found mod file "cloth-config-15.0.140-neoforge.jar" [locator: {mods folder locator at S:\Games\Minecraft\curseforge\Instances\FriendosServer1.0\mods}, reader: mod manifest]
[20:37:57] [main/INFO]: Found mod file "Clumps-neoforge-1.21.1-19.0.0.1.jar" [locator: {mods folder locator at S:\Games\Minecraft\curseforge\Instances\FriendosServer1.0\mods}, reader: mod manifest]
[20:37:57] [main/INFO]: Found mod file "configured-neoforge-1.21.1-2.6.3.jar" [locator: {mods folder locator at S:\Games\Minecraft\curseforge\Instances\FriendosServer1.0\mods}, reader: mod manifest]
[20:37:57] [main/INFO]: Found mod file "connectivity-1.21.1-7.2.jar" [locator: {mods folder locator at S:\Games\Minecraft\curseforge\Instances\FriendosServer1.0\mods}, reader: mod manifest]
[20:37:57] [main/INFO]: Found mod file "Controlling-neoforge-1.21.1-19.0.5.jar" [locator: {mods folder locator at S:\Games\Minecraft\curseforge\Instances\FriendosServer1.0\mods}, reader: mod manifest]
[20:37:57] [main/INFO]: Found mod file "CraftTweaker-neoforge-1.21.1-21.0.35.jar" [locator: {mods folder locator at S:\Games\Minecraft\curseforge\Instances\FriendosServer1.0\mods}, reader: mod manifest]
[20:37:57] [main/INFO]: Found mod file "crashutilities-9.0.4.jar" [locator: {mods folder locator at S:\Games\Minecraft\curseforge\Instances\FriendosServer1.0\mods}, reader: mod manifest]
[20:37:57] [main/INFO]: Found mod file "create-1.21.1-6.0.8.jar" [locator: {mods folder locator at S:\Games\Minecraft\curseforge\Instances\FriendosServer1.0\mods}, reader: mod manifest]
[20:37:57] [main/INFO]: Found mod file "create_ultimate_factory-2.2.1-neoforge-1.21.1.jar" [locator: {mods folder locator at S:\Games\Minecraft\curseforge\Instances\FriendosServer1.0\mods}, reader: mod manifest]
[20:37:57] [main/INFO]: Found mod file "cryonicconfig-neoforge-1.0.0+mc1.21.10.jar" [locator: {mods folder locator at S:\Games\Minecraft\curseforge\Instances\FriendosServer1.0\mods}, reader: mod manifest]
[20:37:57] [main/INFO]: Found mod file "CTM-1.21-1.2.1+3.jar" [locator: {mods folder locator at S:\Games\Minecraft\curseforge\Instances\FriendosServer1.0\mods}, reader: mod manifest]
[20:37:57] [main/INFO]: Found mod file "cupboard-1.21-2.9.jar" [locator: {mods folder locator at S:\Games\Minecraft\curseforge\Instances\FriendosServer1.0\mods}, reader: mod manifest]
[20:37:57] [main/INFO]: Found mod file "curios-neoforge-9.5.1+1.21.1.jar" [locator: {mods folder locator at S:\Games\Minecraft\curseforge\Instances\FriendosServer1.0\mods}, reader: mod manifest]
[20:37:57] [main/INFO]: Found mod file "despawntweaks-neoforge-1.0.0-1.21.1.jar" [locator: {mods folder locator at S:\Games\Minecraft\curseforge\Instances\FriendosServer1.0\mods}, reader: mod manifest]
[20:37:57] [main/INFO]: Found mod file "does_it_tick-neoforge-1.1.4-1.21.1.jar" [locator: {mods folder locator at S:\Games\Minecraft\curseforge\Instances\FriendosServer1.0\mods}, reader: mod manifest]
[20:37:57] [main/INFO]: Found mod file "dynview-1.21-4.0.jar" [locator: {mods folder locator at S:\Games\Minecraft\curseforge\Instances\FriendosServer1.0\mods}, reader: mod manifest]
[20:37:57] [main/INFO]: Found mod file "entityculling-neoforge-1.9.4-mc1.21.1.jar" [locator: {mods folder locator at S:\Games\Minecraft\curseforge\Instances\FriendosServer1.0\mods}, reader: mod manifest]
[20:37:57] [main/INFO]: Found mod file "fastasyncworldsave-1.21-2.6.jar" [locator: {mods folder locator at S:\Games\Minecraft\curseforge\Instances\FriendosServer1.0\mods}, reader: mod manifest]
[20:37:57] [main/INFO]: Found mod file "FPSboost-1.21.1.jar" [locator: {mods folder locator at S:\Games\Minecraft\curseforge\Instances\FriendosServer1.0\mods}, reader: mod manifest]
[20:37:57] [main/INFO]: Found mod file "ftb-chunks-neoforge-2101.1.13.jar" [locator: {mods folder locator at S:\Games\Minecraft\curseforge\Instances\FriendosServer1.0\mods}, reader: mod manifest]
[20:37:57] [main/INFO]: Found mod file "ftb-essentials-neoforge-2101.1.8.jar" [locator: {mods folder locator at S:\Games\Minecraft\curseforge\Instances\FriendosServer1.0\mods}, reader: mod manifest]
[20:37:57] [main/INFO]: Found mod file "ftb-library-neoforge-2101.1.29.jar" [locator: {mods folder locator at S:\Games\Minecraft\curseforge\Instances\FriendosServer1.0\mods}, reader: mod manifest]
[20:37:57] [main/INFO]: Found mod file "ftb-teams-neoforge-2101.1.8.jar" [locator: {mods folder locator at S:\Games\Minecraft\curseforge\Instances\FriendosServer1.0\mods}, reader: mod manifest]
[20:37:57] [main/INFO]: Found mod file "ftb-ultimine-neoforge-2101.1.12.jar" [locator: {mods folder locator at S:\Games\Minecraft\curseforge\Instances\FriendosServer1.0\mods}, reader: mod manifest]
[20:37:57] [main/INFO]: Found mod file "geckolib-neoforge-1.21.1-4.8.2.jar" [locator: {mods folder locator at S:\Games\Minecraft\curseforge\Instances\FriendosServer1.0\mods}, reader: mod manifest]
[20:37:57] [main/INFO]: Found mod file "ImmediatelyFast-NeoForge-1.6.8+1.21.1.jar" [locator: {mods folder locator at S:\Games\Minecraft\curseforge\Instances\FriendosServer1.0\mods}, reader: mod manifest]
[20:37:57] [main/INFO]: Found mod file "immersive_optimization-neoforge-1.21-0.1.0.jar" [locator: {mods folder locator at S:\Games\Minecraft\curseforge\Instances\FriendosServer1.0\mods}, reader: mod manifest]
[20:37:57] [main/INFO]: Found mod file "kubejs-neoforge-2101.7.2-build.348.jar" [locator: {mods folder locator at S:\Games\Minecraft\curseforge\Instances\FriendosServer1.0\mods}, reader: mod manifest]
[20:37:57] [main/INFO]: Found mod file "leaky-1.21-2.1.jar" [locator: {mods folder locator at S:\Games\Minecraft\curseforge\Instances\FriendosServer1.0\mods}, reader: mod manifest]
[20:37:57] [main/INFO]: Found mod file "limitedchunks-1.21-4.1.jar" [locator: {mods folder locator at S:\Games\Minecraft\curseforge\Instances\FriendosServer1.0\mods}, reader: mod manifest]
[20:37:57] [main/INFO]: Found mod file "logprot-1.21-3.5.jar" [locator: {mods folder locator at S:\Games\Minecraft\curseforge\Instances\FriendosServer1.0\mods}, reader: mod manifest]
[20:37:57] [main/INFO]: Found mod file "lootintegrations-1.21.1-4.7.jar" [locator: {mods folder locator at S:\Games\Minecraft\curseforge\Instances\FriendosServer1.0\mods}, reader: mod manifest]
[20:37:57] [main/INFO]: Found mod file "LuckPerms-NeoForge-5.4.140.jar" [locator: {mods folder locator at S:\Games\Minecraft\curseforge\Instances\FriendosServer1.0\mods}, reader: mod manifest]
[20:37:57] [main/INFO]: Found mod file "memorysettings-1.21-5.9.jar" [locator: {mods folder locator at S:\Games\Minecraft\curseforge\Instances\FriendosServer1.0\mods}, reader: mod manifest]
[20:37:57] [main/INFO]: Found mod file "modernfix-neoforge-5.25.1+mc1.21.1.jar" [locator: {mods folder locator at S:\Games\Minecraft\curseforge\Instances\FriendosServer1.0\mods}, reader: mod manifest]
[20:37:57] [main/INFO]: Found mod file "moonlight-1.21-2.28.1-neoforge.jar" [locator: {mods folder locator at S:\Games\Minecraft\curseforge\Instances\FriendosServer1.0\mods}, reader: mod manifest]
[20:37:57] [main/INFO]: Found mod file "NaNny-1.21.1-1.0.1.jar" [locator: {mods folder locator at S:\Games\Minecraft\curseforge\Instances\FriendosServer1.0\mods}, reader: mod manifest]
[20:37:57] [main/INFO]: Found mod file "Neruina-2.2.11-neoforge+1.21.jar" [locator: {mods folder locator at S:\Games\Minecraft\curseforge\Instances\FriendosServer1.0\mods}, reader: mod manifest]
[20:37:57] [main/INFO]: Found mod file "Not Enough Recipe Book-NEOFORGE-0.4.3+1.21.jar" [locator: {mods folder locator at S:\Games\Minecraft\curseforge\Instances\FriendosServer1.0\mods}, reader: mod manifest]
[20:37:57] [main/INFO]: Found mod file "OctoLib-NEOFORGE-0.6.0.4+1.21.jar" [locator: {mods folder locator at S:\Games\Minecraft\curseforge\Instances\FriendosServer1.0\mods}, reader: mod manifest]
[20:37:57] [main/INFO]: Found mod file "packetfixer-3.3.1-1.20.5-1.21.X-merged.jar" [locator: {mods folder locator at S:\Games\Minecraft\curseforge\Instances\FriendosServer1.0\mods}, reader: mod manifest]
[20:37:57] [main/INFO]: Found mod file "recipeessentials-1.21-4.0.jar" [locator: {mods folder locator at S:\Games\Minecraft\curseforge\Instances\FriendosServer1.0\mods}, reader: mod manifest]
[20:37:57] [main/INFO]: Found mod file "redirected-neoforge-1.0.0-1.21.1.jar" [locator: {mods folder locator at S:\Games\Minecraft\curseforge\Instances\FriendosServer1.0\mods}, reader: mod manifest]
[20:37:57] [main/INFO]: Found mod file "rhino-2101.2.7-build.81.jar" [locator: {mods folder locator at S:\Games\Minecraft\curseforge\Instances\FriendosServer1.0\mods}, reader: mod manifest]
[20:37:58] [main/INFO]: Found mod file "Searchables-neoforge-1.21.1-1.0.2.jar" [locator: {mods folder locator at S:\Games\Minecraft\curseforge\Instances\FriendosServer1.0\mods}, reader: mod manifest]
[20:37:58] [main/INFO]: Found mod file "smoothchunk-1.21-4.1.jar" [locator: {mods folder locator at S:\Games\Minecraft\curseforge\Instances\FriendosServer1.0\mods}, reader: mod manifest]
[20:37:58] [main/INFO]: Found mod file "spark-1.10.124-neoforge.jar" [locator: {mods folder locator at S:\Games\Minecraft\curseforge\Instances\FriendosServer1.0\mods}, reader: mod manifest]
[20:37:58] [main/INFO]: Found mod file "structureessentials-1.21.1-4.8.jar" [locator: {mods folder locator at S:\Games\Minecraft\curseforge\Instances\FriendosServer1.0\mods}, reader: mod manifest]
[20:37:58] [main/INFO]: Found mod file "TCTcore-1.21.1.jar" [locator: {mods folder locator at S:\Games\Minecraft\curseforge\Instances\FriendosServer1.0\mods}, reader: mod manifest]
[20:37:58] [main/INFO]: Found mod file "toofast-1.21.0-0.4.3.5.jar" [locator: {mods folder locator at S:\Games\Minecraft\curseforge\Instances\FriendosServer1.0\mods}, reader: mod manifest]
[20:37:58] [main/INFO]: Found mod file "txnilib-neoforge-1.0.24-1.21.1.jar" [locator: {mods folder locator at S:\Games\Minecraft\curseforge\Instances\FriendosServer1.0\mods}, reader: mod manifest]
[20:37:58] [main/INFO]: Found mod file "waystones-neoforge-1.21.1-21.1.24.jar" [locator: {mods folder locator at S:\Games\Minecraft\curseforge\Instances\FriendosServer1.0\mods}, reader: mod manifest]
[20:37:58] [main/INFO]: Found mod file "crash_assistant-neoforge.jar" [parent: , locator: jarinjar, reader: mod manifest]
[20:37:58] [CrashAssistantApp process logger/INFO]: CrashAssistantApp process successfully started.
[20:37:58] [main/INFO]: Found 69 dependencies adding them to mods collection
[20:37:58] [main/INFO]: Found mod file "fabric-transfer-api-v1-5.4.2+a25cb45619.jar" [parent: forgified-fabric-api-0.115.6+2.1.0+1.21.1.jar, locator: jarinjar, reader: mod manifest]
[20:37:58] [main/INFO]: Found mod file "kuma-api-neoforge-21.0.7+1.21.jar" [parent: balm-neoforge-1.21.1-21.0.55.jar, locator: jarinjar, reader: mod manifest]
[20:37:58] [main/INFO]: Found gamelibrary file "scena-core-21.1.18.jar" [parent: neoforge-21.1.18.jar, locator: jarinjar, reader: mod manifest]
[20:37:58] [main/INFO]: Found mod file "fabric-renderer-api-v1-3.4.0+9c40919e19.jar" [parent: forgified-fabric-api-0.115.6+2.1.0+1.21.1.jar, locator: jarinjar, reader: mod manifest]
[20:37:58] [main/INFO]: Found mod file "neoforge-21.1.18.jar" [parent: chisels-and-bits-neoforge-21.1.25.jar, locator: jarinjar, reader: mod manifest]
[20:37:58] [main/INFO]: Found mod file "Ponder-NeoForge-1.21.1-1.0.64.jar" [parent: create-1.21.1-6.0.8.jar, locator: jarinjar, reader: mod manifest]
[20:37:58] [main/INFO]: Found mod file "fabric-item-api-v1-11.1.1+57cdfa8219.jar" [parent: forgified-fabric-api-0.115.6+2.1.0+1.21.1.jar, locator: jarinjar, reader: mod manifest]
[20:37:58] [main/INFO]: Found library file "net.neoforged.neoforge-coremods-21.1.216.jar" [parent: neoforge-21.1.216-universal.jar, locator: jarinjar, reader: mod manifest]
[20:37:58] [main/INFO]: Found mod file "fabric-model-loading-api-v1-2.0.0+986ae77219.jar" [parent: forgified-fabric-api-0.115.6+2.1.0+1.21.1.jar, locator: jarinjar, reader: mod manifest]
[20:37:58] [main/INFO]: Found mod file "neoforge-21.1.5.jar" [parent: chisels-and-bits-neoforge-21.1.25.jar, locator: jarinjar, reader: mod manifest]
[20:37:58] [main/INFO]: Found mod file "fabric-rendering-fluids-v1-3.1.6+857185bc19.jar" [parent: forgified-fabric-api-0.115.6+2.1.0+1.21.1.jar, locator: jarinjar, reader: mod manifest]
[20:37:58] [main/INFO]: Found library file "github-api-1.318.jar" [parent: Neruina-2.2.11-neoforge+1.21.jar, locator: jarinjar]
[20:37:58] [main/INFO]: Found mod file "fabric-screen-handler-api-v1-1.3.88+8dbc56dd19.jar" [parent: forgified-fabric-api-0.115.6+2.1.0+1.21.1.jar, locator: jarinjar, reader: mod manifest]
[20:37:58] [main/INFO]: Found library file "MixinSquared-0.3.3.jar" [parent: mixinsquared-neoforge-0.3.3.jar, locator: jarinjar]
[20:37:58] [main/INFO]: Found mod file "fabric-resource-loader-v0-1.3.1+4ea8954419.jar" [parent: forgified-fabric-api-0.115.6+2.1.0+1.21.1.jar, locator: jarinjar, reader: mod manifest]
[20:37:58] [main/INFO]: Found mod file "TRender-1.0.10-1.21.1-neoforge-SNAPSHOT.jar" [parent: entityculling-neoforge-1.9.4-mc1.21.1.jar, locator: jarinjar, reader: mod manifest]
[20:37:58] [main/INFO]: Found gamelibrary file "chisels-and-bits-api-21.1.25.jar" [parent: chisels-and-bits-neoforge-21.1.25.jar, locator: jarinjar, reader: mod manifest]
[20:37:58] [main/INFO]: Found mod file "fabric-rendering-v1-5.0.5+077ba95f19.jar" [parent: forgified-fabric-api-0.115.6+2.1.0+1.21.1.jar, locator: jarinjar, reader: mod manifest]
[20:37:58] [main/INFO]: Found library file "jackson-core-2.17.0.jar" [parent: Neruina-2.2.11-neoforge+1.21.jar, locator: jarinjar]
[20:37:58] [main/INFO]: Found mod file "fabric-renderer-indigo-1.7.0+4198af7119.jar" [parent: forgified-fabric-api-0.115.6+2.1.0+1.21.1.jar, locator: jarinjar, reader: mod manifest]
[20:37:58] [main/INFO]: Found mod file "fabric-convention-tags-v1-2.1.4+7f945d5b19.jar" [parent: forgified-fabric-api-0.115.6+2.1.0+1.21.1.jar, locator: jarinjar, reader: mod manifest]
[20:37:58] [main/INFO]: Found mod file "fabric-block-view-api-v2-1.0.11+e9036fd419.jar" [parent: forgified-fabric-api-0.115.6+2.1.0+1.21.1.jar, locator: jarinjar, reader: mod manifest]
[20:37:58] [main/INFO]: Found mod file "fabric-command-api-v2-2.2.28+36d727be19.jar" [parent: forgified-fabric-api-0.115.6+2.1.0+1.21.1.jar, locator: jarinjar, reader: mod manifest]
[20:37:58] [main/INFO]: Found mod file "fabric-convention-tags-v2-2.11.0+87e5848019.jar" [parent: forgified-fabric-api-0.115.6+2.1.0+1.21.1.jar, locator: jarinjar, reader: mod manifest]
[20:37:58] [main/INFO]: Found mod file "fabric-data-attachment-api-v1-1.4.3+58235da019.jar" [parent: forgified-fabric-api-0.115.6+2.1.0+1.21.1.jar, locator: jarinjar, reader: mod manifest]
[20:37:58] [main/INFO]: Found library file "httpcore5-5.3.1.jar" [parent: Neruina-2.2.11-neoforge+1.21.jar, locator: jarinjar]
[20:37:58] [main/INFO]: Found mod file "fabric-screen-api-v1-2.0.25+4228281319.jar" [parent: forgified-fabric-api-0.115.6+2.1.0+1.21.1.jar, locator: jarinjar, reader: mod manifest]
[20:37:58] [main/INFO]: Found library file "Reflect-1.3.4.jar" [parent: ImmediatelyFast-NeoForge-1.6.8+1.21.1.jar, locator: jarinjar]
[20:37:58] [main/INFO]: Found mod file "fabric-particles-v1-4.0.2+824f924c19.jar" [parent: forgified-fabric-api-0.115.6+2.1.0+1.21.1.jar, locator: jarinjar, reader: mod manifest]
[20:37:58] [main/INFO]: Found library file "animated-gif-lib-for-java-animated-gif-lib-1.7.jar" [parent: kubejs-neoforge-2101.7.2-build.348.jar, locator: jarinjar]
[20:37:58] [main/INFO]: Found library file "forgified-fabric-loader-2.5.29+0.16.0+1.21-full.jar" [parent: forgified-fabric-api-0.115.6+2.1.0+1.21.1.jar, locator: jarinjar, reader: mod manifest]
[20:37:58] [main/INFO]: Found mod file "forgified-fabric-api-0.115.6+2.1.0+1.21.1.jar" [parent: txnilib-neoforge-1.0.24-1.21.1.jar, locator: jarinjar, reader: mod manifest]
[20:37:58] [main/INFO]: Found mod file "fabric-content-registries-v0-8.0.18+0a0c14ff19.jar" [parent: forgified-fabric-api-0.115.6+2.1.0+1.21.1.jar, locator: jarinjar, reader: mod manifest]
[20:37:58] [main/INFO]: Found mod file "fabric-transitive-access-wideners-v1-6.2.0+6c854b6f19.jar" [parent: forgified-fabric-api-0.115.6+2.1.0+1.21.1.jar, locator: jarinjar, reader: mod manifest]
[20:37:58] [main/INFO]: Found library file "snakeyaml-2.2.jar" [parent: OctoLib-NEOFORGE-0.6.0.4+1.21.jar, locator: jarinjar]
[20:37:58] [main/INFO]: Found gamelibrary file "mixinextras-neoforge-0.5.0.jar" [parent: neoforge-21.1.216-universal.jar, locator: jarinjar, reader: mod manifest]
[20:37:58] [main/INFO]: Found mod file "fabric-game-rule-api-v1-1.0.53+36d727be19.jar" [parent: forgified-fabric-api-0.115.6+2.1.0+1.21.1.jar, locator: jarinjar, reader: mod manifest]
[20:37:58] [main/INFO]: Found mod file "fabric-api-base-0.4.42+d1308ded19.jar" [parent: forgified-fabric-api-0.115.6+2.1.0+1.21.1.jar, locator: jarinjar, reader: mod manifest]
[20:37:58] [main/INFO]: Found mod file "fabric-api-lookup-api-v1-1.6.70+c21168c319.jar" [parent: forgified-fabric-api-0.115.6+2.1.0+1.21.1.jar, locator: jarinjar, reader: mod manifest]
[20:37:58] [main/INFO]: Found mod file "fabric-blockrenderlayer-v1-1.1.52+b089b4bd19.jar" [parent: forgified-fabric-api-0.115.6+2.1.0+1.21.1.jar, locator: jarinjar, reader: mod manifest]
[20:37:58] [main/INFO]: Found gamelibrary file "mixinsquared-neoforge-0.3.3.jar" [parent: alltheleaks-1.1.4+1.21.1-neoforge.jar, locator: jarinjar, reader: mod manifest]
[20:37:58] [main/INFO]: Found mod file "fabric-block-api-v1-1.0.22+a6e994cd19.jar" [parent: forgified-fabric-api-0.115.6+2.1.0+1.21.1.jar, locator: jarinjar, reader: mod manifest]
[20:37:58] [main/INFO]: Found library file "jackson-databind-2.17.0.jar" [parent: Neruina-2.2.11-neoforge+1.21.jar, locator: jarinjar]
[20:37:58] [main/INFO]: Found mod file "fabric-resource-conditions-api-v1-4.3.0+5bdd099819.jar" [parent: forgified-fabric-api-0.115.6+2.1.0+1.21.1.jar, locator: jarinjar, reader: mod manifest]
[20:37:58] [main/INFO]: Found mod file "flywheel-neoforge-1.21.1-1.0.5.jar" [parent: create-1.21.1-6.0.8.jar, locator: jarinjar, reader: mod manifest]
[20:37:58] [main/INFO]: Found mod file "fabric-item-group-api-v1-4.1.7+e324903319.jar" [parent: forgified-fabric-api-0.115.6+2.1.0+1.21.1.jar, locator: jarinjar, reader: mod manifest]
[20:37:58] [main/INFO]: Found gamelibrary file "chisels-and-bits-core-21.1.25.jar" [parent: chisels-and-bits-neoforge-21.1.25.jar, locator: jarinjar, reader: mod manifest]
[20:37:58] [main/INFO]: Found mod file "fabric-gametest-api-v1-2.0.5+29f188ce19.jar" [parent: forgified-fabric-api-0.115.6+2.1.0+1.21.1.jar, locator: jarinjar, reader: mod manifest]
[20:37:58] [main/INFO]: Found library file "jackson-annotations-2.17.0.jar" [parent: Neruina-2.2.11-neoforge+1.21.jar, locator: jarinjar]
[20:37:58] [main/INFO]: Found mod file "fabric-biome-api-v1-13.0.31+1e62d33c19.jar" [parent: forgified-fabric-api-0.115.6+2.1.0+1.21.1.jar, locator: jarinjar, reader: mod manifest]
[20:37:58] [main/INFO]: Found mod file "fabric-entity-events-v1-1.7.0+1af6e62419.jar" [parent: forgified-fabric-api-0.115.6+2.1.0+1.21.1.jar, locator: jarinjar, reader: mod manifest]
[20:37:58] [main/INFO]: Found mod file "fabric-registry-sync-v0-5.2.0+867470b919.jar" [parent: forgified-fabric-api-0.115.6+2.1.0+1.21.1.jar, locator: jarinjar, reader: mod manifest]
[20:37:58] [main/INFO]: Found gamelibrary file "saecularia-caudices-core-21.1.5.jar" [parent: neoforge-21.1.5.jar, locator: jarinjar, reader: mod manifest]
[20:37:58] [main/INFO]: Found mod file "fabric-recipe-api-v1-5.0.14+59440bcc19.jar" [parent: forgified-fabric-api-0.115.6+2.1.0+1.21.1.jar, locator: jarinjar, reader: mod manifest]
[20:37:58] [main/INFO]: Found mod file "fabric-object-builder-api-v1-15.2.1+cc242efd19.jar" [parent: forgified-fabric-api-0.115.6+2.1.0+1.21.1.jar, locator: jarinjar, reader: mod manifest]
[20:37:58] [main/INFO]: Found mod file "fabric-loot-api-v2-3.0.15+a3ee712d19.jar" [parent: forgified-fabric-api-0.115.6+2.1.0+1.21.1.jar, locator: jarinjar, reader: mod manifest]
[20:37:58] [main/INFO]: Found mod file "fabric-loot-api-v3-1.0.3+333dfad919.jar" [parent: forgified-fabric-api-0.115.6+2.1.0+1.21.1.jar, locator: jarinjar, reader: mod manifest]
[20:37:58] [main/INFO]: Found mod file "TRansition-1.0.11-1.21.1-neoforge-SNAPSHOT.jar" [parent: entityculling-neoforge-1.9.4-mc1.21.1.jar, locator: jarinjar, reader: mod manifest]
[20:37:58] [main/INFO]: Found mod file "fabric-rendering-data-attachment-v1-0.3.49+73761d2e19.jar" [parent: forgified-fabric-api-0.115.6+2.1.0+1.21.1.jar, locator: jarinjar, reader: mod manifest]
[20:37:58] [main/INFO]: Found mod file "fabric-networking-api-v1-4.3.0+4f690eb619.jar" [parent: forgified-fabric-api-0.115.6+2.1.0+1.21.1.jar, locator: jarinjar, reader: mod manifest]
[20:37:58] [main/INFO]: Found gamelibrary file "Registrate-MC1.21-1.3.0+67.jar" [parent: create-1.21.1-6.0.8.jar, locator: jarinjar, reader: mod manifest]
[20:37:58] [main/INFO]: Found mod file "fabric-sound-api-v1-1.0.23+10b84f8419.jar" [parent: forgified-fabric-api-0.115.6+2.1.0+1.21.1.jar, locator: jarinjar, reader: mod manifest]
[20:37:58] [main/INFO]: Found mod file "fabric-message-api-v1-6.0.13+e053909619.jar" [parent: forgified-fabric-api-0.115.6+2.1.0+1.21.1.jar, locator: jarinjar, reader: mod manifest]
[20:37:58] [main/INFO]: Found library file "tiny-java-server-1.0.0-build.33.jar" [parent: kubejs-neoforge-2101.7.2-build.348.jar, locator: jarinjar]
[20:37:58] [main/INFO]: Found mod file "fabric-lifecycle-events-v1-2.5.0+a2ee258a19.jar" [parent: forgified-fabric-api-0.115.6+2.1.0+1.21.1.jar, locator: jarinjar, reader: mod manifest]
[20:37:58] [main/INFO]: Found mod file "fabric-data-generation-api-v1-20.2.28+2d91a6db19.jar" [parent: forgified-fabric-api-0.115.6+2.1.0+1.21.1.jar, locator: jarinjar, reader: mod manifest]
[20:37:58] [main/INFO]: Found mod file "fabric-events-interaction-v0-0.7.13+7b71cc1619.jar" [parent: forgified-fabric-api-0.115.6+2.1.0+1.21.1.jar, locator: jarinjar, reader: mod manifest]
[20:37:58] [main/INFO]: Found mod file "fabric-key-binding-api-v1-1.0.47+62cc7ce119.jar" [parent: forgified-fabric-api-0.115.6+2.1.0+1.21.1.jar, locator: jarinjar, reader: mod manifest]
[20:37:58] [main/INFO]: Found mod file "fabric-client-tags-api-v1-1.1.15+e053909619.jar" [parent: forgified-fabric-api-0.115.6+2.1.0+1.21.1.jar, locator: jarinjar, reader: mod manifest]
[20:37:58] [main/INFO]: 
     Mod List:
		Name Version (Mod Id)

		AI-Improvements 0.5.3 (aiimprovements)
		All The Leaks 1.1.4+1.21.1-neoforge (alltheleaks)
		Architectury 13.0.8 (architectury)
		BaguetteLib 1.1.5 (baguettelib)
		Balm 21.0.55 (balm)
		Better Compatibility Checker 21.1.7 (bcc)
		Better Safe Bed 1.21-16 (bettersafebed)
		BHMenu 2.4.4 (bhmenu)
		Bookshelf 21.1.80 (bookshelf)
		Chisel Reborn 2.0.0+mc1.21.1 (chisel)
		chisels-and-bits 21.1.25 (chiselsandbits)
		Chunk Activity Tracker 1.0.1 (chunkactivitytracker)
		chunksending mod 2.8 (chunksending)
		Cloth Config v15 API 15.0.140 (cloth_config)
		Clumps 19.0.0.1 (clumps)
		Configured 2.6.3 (configured)
		ConnectedTexturesMod 1.21-1.2.1+3 (ctm)
		Connectivity Mod 7.2 (connectivity)
		Controlling 19.0.5 (controlling)
		CraftTweaker 21.0.35 (crafttweaker)
		Crash Assistant 1.10.27 (crash_assistant)
		Crash Utilities 9.0.4 (crashutilities)
		Create 6.0.8 (create)
		Create: Ultimate Factory 2.2.1 (create_ultimate_factory)
		Cryonic Config 1.0.0+mc1.21.10 (cryonicconfig)
		Cupboard mod 2.9 (cupboard)
		Curios API 9.5.1+1.21.1 (curios)
		Despawn Tweaks 1.0.0 (despawntweaks)
		Does It Tick? 1.1.4 (does_it_tick)
		Dynamic view distance 4.0 (dynview)
		EntityCulling 1.9.4 (entityculling)
		fastasyncworldsave mod 2.6 (fastasyncworldsave)
		Flywheel 1.0.5 (flywheel)
		Forgified Fabric API 0.115.6+2.1.0+1.21.1 (fabric_api)
		Forgified Fabric API Base 0.4.42+d1308ded19 (fabric_api_base)
		Forgified Fabric API Lookup API (v1) 1.6.70+c21168c319 (fabric_api_lookup_api_v1)
		Forgified Fabric Biome API (v1) 13.0.31+1e62d33c19 (fabric_biome_api_v1)
		Forgified Fabric Block API (v1) 1.0.22+a6e994cd19 (fabric_block_api_v1)
		Forgified Fabric BlockRenderLayer Registration (v1) 1.1.52+b089b4bd19 (fabric_blockrenderlayer_v1)
		Forgified Fabric BlockView API (v2) 1.0.11+e9036fd419 (fabric_block_view_api_v2)
		Forgified Fabric Client Tags 1.1.15+e053909619 (fabric_client_tags_api_v1)
		Forgified Fabric Command API (v2) 2.2.28+36d727be19 (fabric_command_api_v2)
		Forgified Fabric Content Registries (v0) 8.0.18+0a0c14ff19 (fabric_content_registries_v0)
		Forgified Fabric Convention Tags 2.1.4+7f945d5b19 (fabric_convention_tags_v1)
		Forgified Fabric Convention Tags (v2) 2.11.0+87e5848019 (fabric_convention_tags_v2)
		Forgified Fabric Data Attachment API (v1) 1.4.3+58235da019 (fabric_data_attachment_api_v1)
		Forgified Fabric Data Generation API (v1) 20.2.28+2d91a6db19 (fabric_data_generation_api_v1)
		Forgified Fabric Entity Events (v1) 1.7.0+1af6e62419 (fabric_entity_events_v1)
		Forgified Fabric Events Interaction (v0) 0.7.13+7b71cc1619 (fabric_events_interaction_v0)
		Forgified Fabric Game Rule API (v1) 1.0.53+36d727be19 (fabric_game_rule_api_v1)
		Forgified Fabric Game Test API (v1) 2.0.5+29f188ce19 (fabric_gametest_api_v1)
		Forgified Fabric Item API (v1) 11.1.1+57cdfa8219 (fabric_item_api_v1)
		Forgified Fabric Item Group API (v1) 4.1.7+e324903319 (fabric_item_group_api_v1)
		Forgified Fabric Key Binding API (v1) 1.0.47+62cc7ce119 (fabric_key_binding_api_v1)
		Forgified Fabric Lifecycle Events (v1) 2.5.0+a2ee258a19 (fabric_lifecycle_events_v1)
		Forgified Fabric Loot API (v2) 3.0.15+a3ee712d19 (fabric_loot_api_v2)
		Forgified Fabric Loot API (v3) 1.0.3+333dfad919 (fabric_loot_api_v3)
		Forgified Fabric Message API (v1) 6.0.13+e053909619 (fabric_message_api_v1)
		Forgified Fabric Model Loading API (v1) 2.0.0+986ae77219 (fabric_model_loading_api_v1)
		Forgified Fabric Networking API (v1) 4.3.0+4f690eb619 (fabric_networking_api_v1)
		Forgified Fabric Object Builder API (v1) 15.2.1+cc242efd19 (fabric_object_builder_api_v1)
		Forgified Fabric Particles (v1) 4.0.2+824f924c19 (fabric_particles_v1)
		Forgified Fabric Recipe API (v1) 5.0.14+59440bcc19 (fabric_recipe_api_v1)
		Forgified Fabric Registry Sync (v0) 5.2.0+867470b919 (fabric_registry_sync_v0)
		Forgified Fabric Renderer - Indigo 1.7.0+4198af7119 (fabric_renderer_indigo)
		Forgified Fabric Renderer API (v1) 3.4.0+9c40919e19 (fabric_renderer_api_v1)
		Forgified Fabric Rendering (v1) 5.0.5+077ba95f19 (fabric_rendering_v1)
		Forgified Fabric Rendering Data Attachment (v1) 0.3.49+73761d2e19 (fabric_rendering_data_attachment_v1)
		Forgified Fabric Rendering Fluids (v1) 3.1.6+857185bc19 (fabric_rendering_fluids_v1)
		Forgified Fabric Resource Conditions API (v1) 4.3.0+5bdd099819 (fabric_resource_conditions_api_v1)
		Forgified Fabric Resource Loader (v0) 1.3.1+4ea8954419 (fabric_resource_loader_v0)
		Forgified Fabric Screen API (v1) 2.0.25+4228281319 (fabric_screen_api_v1)
		Forgified Fabric Screen Handler API (v1) 1.3.88+8dbc56dd19 (fabric_screen_handler_api_v1)
		Forgified Fabric Sound API (v1) 1.0.23+10b84f8419 (fabric_sound_api_v1)
		Forgified Fabric Transfer API (v1) 5.4.2+a25cb45619 (fabric_transfer_api_v1)
		Forgified Fabric Transitive Access Wideners (v1) 6.2.0+6c854b6f19 (fabric_transitive_access_wideners_v1)
		FPSBoost 2.0 (fpsboostremake)
		FTB Chunks 2101.1.13 (ftbchunks)
		FTB Essentials 2101.1.8 (ftbessentials)
		FTB Library 2101.1.29 (ftblibrary)
		FTB Teams 2101.1.8 (ftbteams)
		FTB Ultimine 2101.1.12 (ftbultimine)
		GeckoLib 4 4.8.2 (geckolib)
		ImmediatelyFast 1.6.8+1.21.1 (immediatelyfast)
		Immersive Optimization 0.1.0 (immersive_optimization)
		KubeJS 2101.7.2-build.348 (kubejs)
		KumaAPI 21.0.7 (kuma_api)
		leaky mod 2.1 (leaky)
		limitedchunks mod 4.1 (limitedchunks)
		Logprot 3.5 (logprot)
		Lootintegrations mod 4.7 (lootintegrations)
		LuckPerms 5.4.140 (luckperms)
		memorysettings mod 5.9 (memorysettings)
		Minecraft 1.21.1 (minecraft)
		ModernFix 5.25.1+mc1.21.1 (modernfix)
		Moonlight Lib 1.21-2.28.1 (moonlight)
		NaNny 1.0.1 (nanny)
		NeoForge 21.1.216 (neoforge)
		Neruina 2.2.11 (neruina)
		Not Enough Recipe Book 0.4.3 (nerb)
		OctoLib 0.6.0.4 (octolib)
		PacketFixer 3.3.1 (packetfixer)
		Ponder 1.0.64 (ponder)
		recipeessentials mod 4.0 (recipeessentials)
		Redirected 1.0.0 (redirected)
		Rhino 2101.2.7-build.81 (rhino)
		Saecularia Caudices 21.1.5 (saeculariacaudices)
		scena 21.1.18 (scena)
		Searchables 1.0.2 (searchables)
		Smoothchunk mod 4.1 (smoothchunk)
		spark 1.10.124 (spark)
		Structure Essentials mod 4.8 (structureessentials)
		tctcore 2.1 (tctcore)
		Too Fast 0.4.3.5 (toofast)
		TRansition 1.0.11 (transition)
		TRender 1.0.10 (trender)
		TxniLib 1.0.24 (txnilib)
		Waystones 21.1.24 (waystones)
[20:37:59] [main/INFO]: Compatibility level set to JAVA_17
[20:37:59] [main/INFO]: Compatibility level set to JAVA_21
[20:37:59] [main/INFO]: Propagating FML mod list to Fabric Loader
[20:37:59] [main/INFO]: Launching target 'forgeclient' with arguments [--version, neoforge-21.1.216, --gameDir, S:\Games\Minecraft\curseforge\Instances\FriendosServer1.0, --assetsDir, S:\Games\Minecraft\curseforge\Install\assets, --uuid, 3baf4fbc36224aab98b71dcafebb15d7, --username, Hurzely, --assetIndex, 17, --accessToken, ❄❄❄❄❄❄❄❄, --clientId, be9702-b62f48-adbad1-994193-548bf6, --xuid, 2535421483177392, --userType, msa, --versionType, release, --width, 1024, --height, 768, --quickPlayPath, S:\Games\Minecraft\curseforge\Quickplay\86afc17a-c8bb-4ba8-ae42-986fe71b3921.json, , , ]
[20:37:59] [main/WARN]: Reference map 'kuma_api.refmap.json' for kuma_api.mixins.json could not be read. If this is a development environment you can ignore this message
[20:37:59] [main/WARN]: Reference map 'geckolib.refmap.json' for geckolib.mixins.json could not be read. If this is a development environment you can ignore this message
[20:37:59] [main/WARN]: Reference map 'recipeessentials.refmap.json' for recipeessentials.mixins.json could not be read. If this is a development environment you can ignore this message
[20:37:59] [main/WARN]: Reference map 'scena.refmap.json' for sc.mixins.json could not be read. If this is a development environment you can ignore this message
[20:37:59] [main/WARN]: Reference map 'connectivity.refmap.json' for connectivity.mixins.json could not be read. If this is a development environment you can ignore this message
[20:37:59] [main/WARN]: Reference map 'structureessentials.refmap.json' for structureessentials.mixins.json could not be read. If this is a development environment you can ignore this message
[20:37:59] [main/WARN]: Reference map 'controlling.refmap.json' for controlling.mixins.json could not be read. If this is a development environment you can ignore this message
[20:37:59] [main/WARN]: Reference map 'controlling.refmap.json' for controlling.neoforge.mixins.json could not be read. If this is a development environment you can ignore this message
[20:37:59] [main/INFO]: Loaded configuration file for ModernFix 5.25.1+mc1.21.1: 79 options available, 1 override(s) found
[20:37:59] [main/WARN]: Option 'mixin.perf.smart_ingredient_sync' overriden (by mods [crafttweaker]) to 'false'
[20:37:59] [main/INFO]: Applying Nashorn fix
[20:37:59] [main/INFO]: Configuring Minecraft's max.bg.threads option with 13 threads
[20:37:59] [main/WARN]: Reference map 'lootintegrations.refmap.json' for lootintegrations.mixins.json could not be read. If this is a development environment you can ignore this message
[20:37:59] [main/WARN]: Reference map 'bookshelf.refmap.json' for bookshelf.mixins.json could not be read. If this is a development environment you can ignore this message
[20:37:59] [main/WARN]: Reference map 'balm.refmap.json' for balm.mixins.json could not be read. If this is a development environment you can ignore this message
[20:37:59] [main/WARN]: Reference map 'crash_assistant.refmap.json' for crash_assistant.mixins.json could not be read. If this is a development environment you can ignore this message
[20:37:59] [main/WARN]: Reference map 'bcc.refmap.json' for bcc.mixins.json could not be read. If this is a development environment you can ignore this message
[20:37:59] [main/WARN]: Reference map 'leaky.refmap.json' for leaky.mixins.json could not be read. If this is a development environment you can ignore this message
[20:37:59] [main/WARN]: Reference map 'memorysettings.refmap.json' for memorysettings.mixins.json could not be read. If this is a development environment you can ignore this message
[20:37:59] [main/WARN]: Reference map 'curios.refmap.json' for curios.neoforge.mixins.json could not be read. If this is a development environment you can ignore this message
[20:37:59] [main/WARN]: Reference map 'curios.refmap.json' for curios.mixins.json could not be read. If this is a development environment you can ignore this message
[20:37:59] [main/WARN]: Reference map 'searchables.refmap.json' for searchables.mixins.json could not be read. If this is a development environment you can ignore this message
[20:37:59] [main/WARN]: Reference map 'searchables.refmap.json' for searchables.neoforge.mixins.json could not be read. If this is a development environment you can ignore this message
[20:37:59] [main/WARN]: Reference map 'cupboard.refmap.json' for cupboard.mixins.json could not be read. If this is a development environment you can ignore this message
[20:37:59] [main/WARN]: Reference map 'bhmenu.refmap.json' for bhmenu.mixins.json could not be read. If this is a development environment you can ignore this message
[20:37:59] [main/WARN]: Reference map 'limitedchunks.refmap.json' for limitedchunks.mixins.json could not be read. If this is a development environment you can ignore this message
[20:37:59] [main/WARN]: Reference map 'waystones.refmap.json' for waystones.mixins.json could not be read. If this is a development environment you can ignore this message
[20:37:59] [main/WARN]: Reference map 'clumps.refmap.json' for clumps.mixins.json could not be read. If this is a development environment you can ignore this message
[20:37:59] [main/WARN]: Reference map 'fastasyncworldsave.refmap.json' for fastasyncworldsave.mixins.json could not be read. If this is a development environment you can ignore this message
[20:37:59] [main/WARN]: Reference map 'immersive_optimization.refmap.json' for immersive_optimization.mixins.json could not be read. If this is a development environment you can ignore this message
[20:37:59] [main/WARN]: Reference map 'crafttweaker.refmap.json' for crafttweaker.mixins.json could not be read. If this is a development environment you can ignore this message
[20:37:59] [main/WARN]: Reference map 'crafttweaker.refmap.json' for crafttweaker.neoforge.mixins.json could not be read. If this is a development environment you can ignore this message
[20:37:59] [main/WARN]: Reference map 'toofast.refmap.json' for toofast.mixins.json could not be read. If this is a development environment you can ignore this message
[20:37:59] [main/WARN]: Reference map 'smoothchunk.refmap.json' for smoothchunk.mixins.json could not be read. If this is a development environment you can ignore this message
[20:37:59] [main/WARN]: Reference map 'logprot.refmap.json' for logprot.mixins.json could not be read. If this is a development environment you can ignore this message
[20:37:59] [main/WARN]: Reference map 'scena.refmap.json' for scena.mixins.json could not be read. If this is a development environment you can ignore this message
[20:37:59] [main/WARN]: Reference map 'bettersafebed.refmap.json' for bettersafebed.mixins.json could not be read. If this is a development environment you can ignore this message
[20:37:59] [main/WARN]: Reference map 'entityculling.refmap.mixins.json' for entityculling.mixins.json could not be read. If this is a development environment you can ignore this message
[20:37:59] [main/INFO]: Packet Fixer neoforge 1.20.5-1.21.X has been applied successfully.
[20:37:59] [main/WARN]: Reference map 'chunksending.refmap.json' for chunksending.mixins.json could not be read. If this is a development environment you can ignore this message
[20:37:59] [main/INFO]: Loaded config for: recipeessentials.json
[20:37:59] [main/INFO]: Loaded config for: structureessentials.json
[20:38:00] [main/INFO]: Class dev.uncandango.alltheleaks.leaks.common.mods.octolib.UntrackedIssue001 will be loaded as it matches versions: 0.6.0.4 in [0.5.0.1,)
[20:38:00] [main/INFO]: Mixins added to allowed list: [main.OctoRenderManagerMixin]
[20:38:00] [main/INFO]: Class dev.uncandango.alltheleaks.leaks.common.mods.neoforge.Issue1487 will be loaded as it matches versions: 21.1.216 in [21.,)
[20:38:00] [main/INFO]: Mixins added to allowed list: [main.ServerPlayerMixin, main.PlayerListMixin, main.accessor.PlayerAdvancementsAccessor]
[20:38:00] [main/INFO]: Class dev.uncandango.alltheleaks.leaks.common.mods.neoforge.Issue1486 will be loaded as it matches versions: 21.1.216 in [21.,)
[20:38:00] [main/INFO]: Class dev.uncandango.alltheleaks.leaks.common.mods.minecraft.UntrackedIssue002 will be loaded as it matches versions: 1.21.1 in 1.21.1
[20:38:00] [main/INFO]: Class dev.uncandango.alltheleaks.leaks.common.mods.minecraft.UntrackedIssue001 will be loaded as it matches versions: 1.21.1 in 1.21.1
[20:38:00] [main/INFO]: Mixins added to allowed list: [main.EntityTickListMixin]
[20:38:00] [main/INFO]: Class dev.uncandango.alltheleaks.leaks.common.mods.geckolib.UntrackedIssue001 will be loaded as it matches versions: 4.8.2 in *
[20:38:00] [main/INFO]: Mixins added to allowed list: [main.SingletonGeoAnimatableMixin]
[20:38:00] [main/INFO]: Class dev.uncandango.alltheleaks.leaks.common.mods.curios.Issue22 will be loaded as it matches versions: 9.5.1+1.21.1 in [9.0.6,)
[20:38:00] [main/INFO]: Mixins added to allowed list: [main.CuriosEventHandlerMixin]
[20:38:00] [main/INFO]: Class dev.uncandango.alltheleaks.leaks.common.mods.connectivity.UntrackedIssue001 will be loaded as it matches versions: 7.2 in [5.8,)
[20:38:00] [main/INFO]: Class dev.uncandango.alltheleaks.leaks.client.mods.neoforge.UntrackedIssue001 will be loaded as it matches versions: 21.1.216 in [21.,)
[20:38:00] [main/INFO]: Mixins added to allowed list: [main.MinecraftMixin2]
[20:38:00] [main/INFO]: Class dev.uncandango.alltheleaks.leaks.client.mods.minecraft.UntrackedIssue001 will be loaded as it matches versions: 1.21.1 in 1.21.1
[20:38:00] [main/INFO]: Mixins added to allowed list: [main.MinecraftMixin]
[20:38:00] [main/INFO]: Class dev.uncandango.alltheleaks.leaks.client.mods.ftblibrary.UntrackedIssue001 will be loaded as it matches versions: 2101.1.29 in [2101.1.1,)
[20:38:00] [main/INFO]: Mixins added to allowed list: [main.accessor.BaseScreenAccessor]
[20:38:00] [main/INFO]: Class dev.uncandango.alltheleaks.leaks.client.mods.ftbchunks.UntrackedIssue001 will be loaded as it matches versions: 2101.1.13 in *
[20:38:00] [main/INFO]: Class dev.uncandango.alltheleaks.feature.common.mods.minecraft.SaveWithLoadedChunks will be loaded as it matches versions: 1.21.1 in 1.21.1
[20:38:00] [main/INFO]: Class dev.uncandango.alltheleaks.feature.common.mods.minecraft.MemoryMonitor will be loaded as it matches versions: 1.21.1 in 1.21.1
[20:38:00] [main/INFO]: Mixins added to allowed list: [main.PlayerMixin, main.ChunkAccessMixin, main.LevelMixin, main.MinecraftServerMixin]
[20:38:00] [main/INFO]: Class dev.uncandango.alltheleaks.diag.common.mods.minecraft.LogSavedData will be loaded as it matches versions: 21.1.216 in [21.1,)
[20:38:00] [main/INFO]: Mixins added to allowed list: [main.SavedDataMixin]
[20:38:00] [main/WARN]: Error loading class: it/hurts/octostudios/octolib/modules/particles/OctoRenderManager (java.lang.ClassNotFoundException: it.hurts.octostudios.octolib.modules.particles.OctoRenderManager)
[20:38:00] [main/WARN]: @Mixin target it.hurts.octostudios.octolib.modules.particles.OctoRenderManager was not found alltheleaks.mixins.json:main.OctoRenderManagerMixin from mod alltheleaks
[20:38:00] [main/WARN]: Error loading class: xaero/map/gui/GuiMap (java.lang.ClassNotFoundException: xaero.map.gui.GuiMap)
[20:38:00] [main/WARN]: @Mixin target xaero.map.gui.GuiMap was not found create.mixins.json:compat.xaeros.XaeroFullscreenMapAccessor from mod create
[20:38:00] [main/WARN]: Error loading class: xaero/map/gui/GuiMap (java.lang.ClassNotFoundException: xaero.map.gui.GuiMap)
[20:38:00] [main/WARN]: @Mixin target xaero.map.gui.GuiMap was not found create.mixins.json:compat.xaeros.XaeroFullscreenMapMixin from mod create
[20:38:00] [main/WARN]: Error loading class: it/hurts/octostudios/octolib/modules/particles/OctoRenderManager (java.lang.ClassNotFoundException: it.hurts.octostudios.octolib.modules.particles.OctoRenderManager)
[20:38:00] [main/WARN]: Error loading class: it/hurts/octostudios/octolib/modules/particles/OctoRenderManager (java.lang.ClassNotFoundException: it.hurts.octostudios.octolib.modules.particles.OctoRenderManager)
[20:38:00] [main/WARN]: Error loading class: org/jetbrains/annotations/ApiStatus$ScheduledForRemoval (java.lang.ClassNotFoundException: org.jetbrains.annotations.ApiStatus$ScheduledForRemoval)
[20:38:00] [main/INFO]: Initializing MixinExtras via com.llamalad7.mixinextras.service.MixinExtrasServiceImpl(version=0.5.0).
[15Dec2025 20:38:01.007] [main/WARN] [mixin/]: Static binding violation: PRIVATE @Overwrite method decoratedId in modernfix-neoforge.mixins.json:perf.tag_id_caching.TagOrElementLocationMixin from mod modernfix cannot reduce visibiliy of PUBLIC target method, visibility will be upgraded.
[15Dec2025 20:38:02.073] [main/WARN] [oshi.driver.windows.perfmon.PerfmonDisabled/]: Invalid registry value type detected for PerfOS counters. Should be REG_DWORD. Ignoring: HKEY_LOCAL_MACHINE\SYSTEM\CurrentControlSet\Services\PerfOS\Performance\Disable Performance Counters.
[15Dec2025 20:38:02.134] [pool-19-thread-1/INFO] [net.minecraft.server.Bootstrap/]: ModernFix reached bootstrap stage (6.919 s after launch)
[15Dec2025 20:38:02.231] [Datafixer Bootstrap/INFO] [com.mojang.datafixers.DataFixerBuilder/]: 229 Datafixer optimizations took 259 milliseconds
[15Dec2025 20:38:05.126] [pool-19-thread-1/INFO] [net.minecraft.server.Bootstrap/]: Vanilla bootstrap took 2991 milliseconds
[15Dec2025 20:38:05.232] [main/INFO] [net.minecraft.client.main.Main/]: Completely ignored arguments: [, , ]
[15Dec2025 20:38:05.323] [Render thread/WARN] [net.minecraft.server.packs.VanillaPackResourcesBuilder/]: Assets URL 'union:/S:/Games/Minecraft/curseforge/Install/libraries/net/minecraft/client/1.21.1-20240808.144430/client-1.21.1-20240808.144430-srg.jar%23255!/assets/.mcassetsroot' uses unexpected schema
[15Dec2025 20:38:05.323] [Render thread/WARN] [net.minecraft.server.packs.VanillaPackResourcesBuilder/]: Assets URL 'union:/S:/Games/Minecraft/curseforge/Install/libraries/net/minecraft/client/1.21.1-20240808.144430/client-1.21.1-20240808.144430-srg.jar%23255!/data/.mcassetsroot' uses unexpected schema
[15Dec2025 20:38:05.346] [Render thread/INFO] [com.mojang.authlib.yggdrasil.YggdrasilAuthenticationService/]: Environment: Environment[sessionHost=https://sessionserver.mojang.com, servicesHost=https://api.minecraftservices.com, name=PROD]
[15Dec2025 20:38:05.350] [Render thread/INFO] [net.minecraft.client.Minecraft/]: Setting user: Hurzely
[15Dec2025 20:38:05.586] [Render thread/INFO] [net.minecraft.client.Minecraft/]: Backend library: LWJGL version 3.3.3+5
[15Dec2025 20:38:05.659] [Render thread/INFO] [ImmediatelyFast/]: Initializing ImmediatelyFast 1.6.8+1.21.1 on AMD Radeon RX 9070 XT (ATI Technologies Inc.) with OpenGL 4.6.0 Core Profile Context 25.12.1.251128
[15Dec2025 20:38:05.863] [modloading-worker-0/INFO] [dev.wuffs.bcc.BetterCompatibilityChecker/]: Better Compatibility Checker starting
[15Dec2025 20:38:05.875] [modloading-worker-0/INFO] [com.cupboard.Cupboard/]: Loaded config for: memorysettings.json
[15Dec2025 20:38:05.881] [modloading-worker-0/WARN] [com.memorysettings.config.CommonConfiguration/]: You have more memory allocated(12736mb) than recommended for this pack, the maximum is: 8500mb.
The recommended amount for your system is: 8500 mb.

[15Dec2025 20:38:05.916] [modloading-worker-0/INFO] [net.neoforged.neoforge.common.NeoForgeMod/NEOFORGE-MOD]: NeoForge mod loading, version 21.1.216, for MC 1.21.1
[15Dec2025 20:38:05.932] [modloading-worker-0/INFO] [com.cupboard.Cupboard/]: Loaded config for: cupboard.json
[15Dec2025 20:38:05.969] [modloading-worker-0/WARN] [mixin/]: @ModifyConstant conflict. Skipping packetfixer.v1_20_5.neoforge.mixins.json:v1_20_5_neoforge.ServerCommonPacketListenerImplMixin from mod packetfixer->@ModifyConstant::packetfixer$tick$1(J)J with priority 1000, already redirected by connectivity.mixins.json:ServerPlayNetHandlerMixin from mod connectivity->@ModifyConstant::playTimeout(J)J with priority 1001
[15Dec2025 20:38:05.983] [modloading-worker-0/INFO] [STDOUT/]: [dev.tr7zw.trender.gui.impl.client.LibGuiClient:onInitializeClient:34]: [LibGui] Initializing Client...
[15Dec2025 20:38:05.996] [modloading-worker-0/INFO] [luckperms/]: Skipping LuckPerms init (not supported on the client!)
[15Dec2025 20:38:06.004] [modloading-worker-0/INFO] [net.fabricmc.fabric.impl.client.indigo.Indigo/]: [Indigo] Registering Indigo renderer!
[15Dec2025 20:38:06.139] [modloading-worker-0/WARN] [mixin/]: @ModifyConstant conflict. Skipping connectivity.mixins.json:ClientBoundCustomPayloadPacketLMixin from mod connectivity->@ModifyConstant::modifyLimit(I)I with priority 1, already redirected by packetfixer.v1_20_5.neoforge.mixins.json:v1_20_5_neoforge.ClientboundCustomPayloadPacketMixin from mod packetfixer->@ModifyConstant::packetfixer$newSize$2(I)I with priority 1000
[15Dec2025 20:38:06.139] [modloading-worker-0/WARN] [mixin/]: @ModifyConstant conflict. Skipping connectivity.mixins.json:ClientBoundCustomPayloadPacketLMixin from mod connectivity->@ModifyConstant::modifyLimit2(I)I with priority 1, already redirected by packetfixer.v1_20_5.neoforge.mixins.json:v1_20_5_neoforge.ClientboundCustomPayloadPacketMixin from mod packetfixer->@ModifyConstant::packetfixer$newSize(I)I with priority 1000
[15Dec2025 20:38:06.166] [modloading-worker-0/WARN] [mixin/]: Error loading class: it/hurts/octostudios/octolib/modules/particles/OctoRenderManager (java.lang.ClassNotFoundException: it.hurts.octostudios.octolib.modules.particles.OctoRenderManager)
[15Dec2025 20:38:06.228] [modloading-worker-0/INFO] [Moonlight/]: Detected config change in moonlight-common.toml, from neoforge config event
[15Dec2025 20:38:06.303] [modloading-worker-0/INFO] [com.simibubi.create.Create/]: Create 6.0.8 initializing! Commit hash: 5f1b407a97467157e7a0da0c560c7d1d5f378929
[15Dec2025 20:38:06.384] [modloading-worker-0/INFO] [scena-forge/]: Initialized scena-forge
[15Dec2025 20:38:06.441] [modloading-worker-0/INFO] [net.blay09.mods.balm.neoforge.config.NeoForgeBalmConfig/]: Registering config for waystones:common (COMMON) with 31 properties.
[15Dec2025 20:38:06.445] [modloading-worker-0/INFO] [mod.chiselsandbits.forge.Forge/]: Initialized Chisels&Bits - Forge
[15Dec2025 20:38:06.499] [modloading-worker-0/INFO] [KubeJS/]: Loading vanilla registries...
[15Dec2025 20:38:06.524] [modloading-worker-0/INFO] [KubeJS/]: Looking for KubeJS plugins...
[15Dec2025 20:38:06.530] [modloading-worker-0/INFO] [KubeJS/]: Found plugin source kubejs
[15Dec2025 20:38:06.538] [modloading-worker-0/INFO] [mod.chiselsandbits.registrars.ModBlockEntityTypes/]: Loaded block entity configuration.
[15Dec2025 20:38:06.556] [modloading-worker-0/INFO] [KubeJS/]: Done in 27.63 ms
[15Dec2025 20:38:06.565] [modloading-worker-0/INFO] [mod.chiselsandbits.registrars.ModBlocks/]: Loaded block configuration.
[15Dec2025 20:38:06.577] [modloading-worker-0/INFO] [mod.chiselsandbits.registrars.ModChiselModeGroups/]: Loaded chisel mode group configuration.
[15Dec2025 20:38:06.942] [modloading-worker-0/INFO] [mod.chiselsandbits.registrars.ModChiselModes/]: Loaded chisel mode configuration.
[15Dec2025 20:38:06.945] [modloading-worker-0/INFO] [mod.chiselsandbits.registrars.ModContainerTypes/]: Loaded container type configuration.
[15Dec2025 20:38:06.948] [modloading-worker-0/INFO] [mod.chiselsandbits.registrars.ModCreativeTabs/]: Loaded item group configuration.
[15Dec2025 20:38:06.994] [modloading-worker-0/INFO] [mod.chiselsandbits.registrars.ModItems/]: Loaded item configuration.
[15Dec2025 20:38:07.002] [modloading-worker-0/INFO] [mod.chiselsandbits.registrars.ModMetadataKeys/]: Loaded metadata key configuration.
[15Dec2025 20:38:07.008] [modloading-worker-0/INFO] [mod.chiselsandbits.registrars.ModModelProperties/]: Loaded model property configuration.
[15Dec2025 20:38:07.015] [modloading-worker-0/INFO] [mod.chiselsandbits.registrars.ModModificationOperation/]: Loaded modification operation configuration.
[15Dec2025 20:38:07.018] [modloading-worker-0/INFO] [mod.chiselsandbits.registrars.ModModificationOperationGroups/]: Loaded modification operation group configuration.
[15Dec2025 20:38:07.037] [modloading-worker-0/INFO] [mod.chiselsandbits.registrars.ModPatternPlacementTypes/]: Loaded pattern placement type configuration.
[15Dec2025 20:38:07.040] [modloading-worker-0/INFO] [mod.chiselsandbits.registrars.ModRecipeSerializers/]: Loaded recipe serializer configuration.
[15Dec2025 20:38:07.042] [modloading-worker-0/INFO] [mod.chiselsandbits.registrars.ModTags/]: Loaded tag configuration.
[15Dec2025 20:38:07.044] [modloading-worker-0/INFO] [mod.chiselsandbits.registrars.ModRecipeTypes/]: Registering recipe types.
[15Dec2025 20:38:07.074] [modloading-worker-0/INFO] [mod.chiselsandbits.registrars.ModChangeTypes/]: Loaded change type configuration.
[15Dec2025 20:38:07.192] [modloading-worker-0/INFO] [mod.chiselsandbits.registrars.ModMultiStateSnapshotTypes/]: Loaded change type configuration.
[15Dec2025 20:38:07.199] [modloading-worker-0/INFO] [mod.chiselsandbits.registrars.ModDataComponentTypes/]: Loaded data component types.
[15Dec2025 20:38:07.201] [modloading-worker-0/INFO] [mod.chiselsandbits.registrars.ModEventHandler/]: Registering event handlers
[15Dec2025 20:38:07.292] [modloading-worker-0/INFO] [mod.chiselsandbits.forge.Forge/]: Initialized Chisels&Bits-Forge client
[15Dec2025 20:38:07.400] [modloading-worker-0/INFO] [KubeJS Startup/]: startup_scripts:main.js#2: Hello, World! (Loaded startup example script)
[15Dec2025 20:38:07.402] [modloading-worker-0/INFO] [KubeJS Startup/]: Loaded script startup_scripts:main.js in 0.068 s
[15Dec2025 20:38:07.407] [modloading-worker-0/INFO] [KubeJS Startup/]: Loaded 1/1 KubeJS startup scripts in 0.823 s with 0 errors and 0 warnings
[15Dec2025 20:38:07.421] [modloading-worker-0/INFO] [KubeJS Client/]: client_scripts:main.js#2: Hello, World! (Loaded client example script)
[15Dec2025 20:38:07.422] [modloading-worker-0/INFO] [KubeJS Client/]: Loaded script client_scripts:main.js in 0.0 s
[15Dec2025 20:38:07.422] [modloading-worker-0/INFO] [KubeJS Client/]: Loaded 1/1 KubeJS client scripts in 0.012 s with 0 errors and 0 warnings
[15Dec2025 20:38:07.432] [modloading-worker-0/INFO] [KubeJS Startup/]: Validated 2 files in kubejs/assets/ in 2ms
[15Dec2025 20:38:07.432] [modloading-worker-0/INFO] [KubeJS Startup/]: Validated 0 files in kubejs/data/ in 0ms
[15Dec2025 20:38:08.719] [modloading-sync-worker/INFO] [Moonlight/]: Initialized block sets in 11ms
[15Dec2025 20:38:08.942] [modloading-sync-worker/INFO] [com.bisecthosting.mods.bhmenu.ModRoot/]: Reloading Configs
[15Dec2025 20:38:08.954] [modloading-sync-worker/WARN] [net.neoforged.neoforge.common.ModConfigSpec/CORE]: Configuration LoadedConfig[config=SynchronizedConfig{DataHolder:{settings=SynchronizedConfig{DataHolder:{invert-pick-block-behaviour=false, bit-bag=SynchronizedConfig{DataHolder:{invert-durability-bar-indication=false}}, placement=SynchronizedConfig{DataHolder:{render-mode=SynchronizedConfig{DataHolder:{success=GHOST_BLOCK_MODEL, failed=GHOST_BLOCK_MODEL_SOLID_COLOR}}, color=SynchronizedConfig{DataHolder:{success=[0.1882352977991104, 0.47058823704719543, 0.7882353067398071, 0.7058823704719543], not-fitting=[0.7176470756530762, 0.2549019753932953, 0.054901961237192154, 0.7058823704719543], missing-bits-or-space=[1.0, 0.8588235378265381, 0.3450980484485626, 0.7058823704719543]}}}}, chiseling-previews=SynchronizedConfig{DataHolder:{renderer=chiselsandbits:default, default=SynchronizedConfig{DataHolder:{colors=SynchronizedConfig{DataHolder:{chiseling=[0.8500000238418579, 0.0, 0.0, 0.6499999761581421], placement=[0.0, 0.8500000238418579, 0.0, 0.6499999761581421]}}}}, debug=SynchronizedConfig{DataHolder:{enabled=false, mutator=SynchronizedConfig{DataHolder:{colors=SynchronizedConfig{DataHolder:{chiseling=[0.0, 0.0, 0.8500000238418579, 0.6499999761581421], placement=[0.8500000238418579, 0.8500000238418579, 0.0, 0.6499999761581421]}}}}}}}}, selected-tool-mode-icons=SynchronizedConfig{DataHolder:{renderer=chiselsandbits:group}}, clipboard=SynchronizedConfig{DataHolder:{size=64, add-broken-blocks=true, add-picked-blocks=true}}, patterns=SynchronizedConfig{DataHolder:{export-path=./chiselsandbits/patterns}}, warnings=SynchronizedConfig{DataHolder:{show-cool-down-error=false}}, interactions=SynchronizedConfig{DataHolder:{scrolling-changes-mode=true}}}}, performance=SynchronizedConfig{DataHolder:{caches=SynchronizedConfig{DataHolder:{sizes=SynchronizedConfig{DataHolder:{bit-storage-content-models=100, block-models=1000, block-faces=1000000, cull-testing=1000, stack-models=100}}}}, lighting=SynchronizedConfig{DataHolder:{extract-lighting-values-from-faces=true, extract-lighting-values-from-blockstates=false}}, model-building=SynchronizedConfig{DataHolder:{thread-count=8}}}}, gui=SynchronizedConfig{DataHolder:{radial-menu=SynchronizedConfig{DataHolder:{display-mouse-indicator=false}}}}}}, path=S:\Games\Minecraft\curseforge\Instances\FriendosServer1.0\config\chiselsandbits-client.toml, modConfig=net.neoforged.fml.config.ModConfig@b520fab] is not correct. Correcting
[15Dec2025 20:38:08.954] [modloading-sync-worker/WARN] [net.neoforged.neoforge.common.ModConfigSpec/CORE]: Incorrect key performance.caches.sizes.block-models was corrected from 1000 to its default, 3500. 
[15Dec2025 20:38:08.954] [modloading-sync-worker/WARN] [net.neoforged.neoforge.common.ModConfigSpec/CORE]: Incorrect key performance.caches.sizes.cull-testing was corrected from 1000 to its default, 3500. 
[15Dec2025 20:38:08.961] [modloading-sync-worker/INFO] [Moonlight/]: Detected config change in moonlight-common.toml, from neoforge config event
[15Dec2025 20:38:09.022] [Render thread/INFO] [Moonlight/]: Merging 1 images using mode MIN_AREA_NO_UPSCALE
[15Dec2025 20:38:09.260] [Render thread/INFO] [mod.chiselsandbits.client.reloading.ClientResourceReloadingManager/]: Setting up client reloading resource manager.
[15Dec2025 20:38:09.612] [Render thread/INFO] [net.minecraft.server.packs.resources.ReloadableResourceManager/]: Reloading ResourceManager: vanilla, KubeJS Virtual Resource Pack [Before Mods, assets], fabric, mod_resources, mod/kuma_api, mod/fabric_renderer_api_v1, mod/geckolib, mod/recipeessentials, mod/fabric_item_api_v1, mod/saeculariacaudices, mod/fabric_rendering_fluids_v1, mod/connectivity, mod/structureessentials, mod/fabric_convention_tags_v1, mod/nanny, mod/ctm, mod/controlling, mod/neoforge, mod/modernfix, mod/lootintegrations, mod/fabric_block_view_api_v2, mod/fabric_command_api_v2, mod/fabric_convention_tags_v2, mod/fabric_data_attachment_api_v1, mod/redirected, mod/bookshelf, mod/balm, mod/fabric_screen_api_v1, mod/dynview, mod/baguettelib, mod/cloth_config, mod/crash_assistant, mod/fabric_api, mod/fabric_content_registries_v0, mod/bcc, mod/fabric_game_rule_api_v1, mod/crashutilities, mod/fabric_api_lookup_api_v1, mod/spark, mod/leaky, mod/memorysettings, mod/curios, mod/searchables, mod/ftbultimine, mod/fabric_entity_events_v1, mod/architectury, mod/nerb, mod/aiimprovements, mod/fabric_loot_api_v2, mod/cupboard, mod/fabric_loot_api_v3, mod/transition, mod/fabric_rendering_data_attachment_v1, mod/fabric_networking_api_v1, mod/despawntweaks, mod/fabric_lifecycle_events_v1, mod/fabric_key_binding_api_v1, mod/fabric_client_tags_api_v1, mod/fabric_transfer_api_v1, mod/bhmenu, mod/rhino, mod/kubejs, mod/ftblibrary, mod/ftbteams, mod/limitedchunks, mod/octolib, mod/fabric_model_loading_api_v1, mod/fabric_screen_handler_api_v1, mod/fabric_resource_loader_v0, mod/trender, mod/fabric_rendering_v1, mod/waystones, mod/fabric_renderer_indigo, mod/clumps, mod/fastasyncworldsave, mod/immersive_optimization, mod/configured, mod/neruina, mod/txnilib, mod/crafttweaker, mod/luckperms, mod/ftbessentials, mod/fabric_particles_v1, mod/ftbchunks, mod/toofast, mod/fabric_transitive_access_wideners_v1, mod/smoothchunk, mod/logprot, mod/scena, mod/fpsboostremake, mod/create_ultimate_factory, mod/moonlight, mod/fabric_api_base, mod/bettersafebed, mod/fabric_blockrenderlayer_v1, mod/does_it_tick, mod/alltheleaks, mod/fabric_block_api_v1, mod/fabric_resource_conditions_api_v1, mod/chunkactivitytracker, mod/tctcore, mod/flywheel, mod/ponder, mod/create, mod/fabric_item_group_api_v1, mod/fabric_gametest_api_v1, mod/entityculling, mod/fabric_biome_api_v1, mod/cryonicconfig, mod/fabric_registry_sync_v0, mod/immediatelyfast, mod/fabric_recipe_api_v1, mod/chisel, mod/fabric_object_builder_api_v1, mod/fabric_sound_api_v1, mod/fabric_message_api_v1, mod/packetfixer, mod/chunksending, mod/chiselsandbits, mod/fabric_data_generation_api_v1, mod/fabric_events_interaction_v0, moonlight:merged_pack, KubeJS Virtual Resource Pack [Internal, assets], KubeJS Virtual Resource Pack [After Mods, assets], KubeJS File Resource Pack [assets], chiselsandbits-core, KubeJS Virtual Resource Pack [Last, assets]
[15Dec2025 20:38:09.634] [Worker-ResourceReload-0/INFO] [Moonlight/]: Resource cache state for CLIENT_RESOURCES: needs regeneration
[15Dec2025 20:38:09.635] [Render thread/INFO] [KubeJS Client/]: Client resource reload complete!
[15Dec2025 20:38:09.635] [Worker-ResourceReload-0/INFO] [Moonlight/]: Starting runtime resource generation for pack type CLIENT_RESOURCES with generators [moonlight:dynamic_resources]
[15Dec2025 20:38:09.639] [Worker-ResourceReload-0/INFO] [Moonlight/]: Regenerating Dynamic CLIENT_RESOURCES Resources Provider [moonlight:dynamic_resources], requested by strategy REGEN_ON_EVERY_RELOAD
[15Dec2025 20:38:09.646] [Worker-ResourceReload-0/INFO] [Moonlight/]: Generated runtime CLIENT_RESOURCES for pack moonlight:dynamic_resources in 7.117 ms
[15Dec2025 20:38:09.646] [Worker-ResourceReload-0/INFO] [Moonlight/]: Finished runtime resources generation for 1 packs in a total of 11.34 ms 
[15Dec2025 20:38:09.662] [Worker-ResourceReload-7/INFO] [com.connectivity.Connectivity/]: Connectivity initialized
[15Dec2025 20:38:09.663] [Worker-ResourceReload-6/INFO] [dev.wuffs.bcc.BetterCompatibilityChecker/]: Better Compatibility Checker setup
[15Dec2025 20:38:09.663] [Worker-ResourceReload-9/INFO] [com.structureessentials.StructureEssentials/]: structureessentials mod initialized
[15Dec2025 20:38:09.663] [Worker-ResourceReload-10/INFO] [com.lootintegrations.LootintegrationsMod/]: lootintegrations mod initialized
[15Dec2025 20:38:09.664] [Worker-ResourceReload-9/INFO] [com.cupboard.Cupboard/]: Loaded config for: leaky.json
[15Dec2025 20:38:09.664] [Worker-ResourceReload-9/INFO] [com.leaky.Leaky/]: leaky mod initialized
[15Dec2025 20:38:09.664] [Worker-ResourceReload-10/INFO] [com.limitedchunks.LimitedChunks/]: Limited chunkloading initialized
[15Dec2025 20:38:09.664] [Worker-ResourceReload-14/INFO] [com.logprot.Logprot/]: Shields up!
[15Dec2025 20:38:09.664] [Worker-ResourceReload-0/INFO] [STDOUT/]: [toni.lib.TxniLib:onInitialize:75]: TxniLib onInitialize!
[15Dec2025 20:38:09.666] [Worker-ResourceReload-14/INFO] [com.chunksending.ChunkSending/]: chunksending mod initialized
[15Dec2025 20:38:09.673] [Worker-ResourceReload-6/INFO] [dev.wuffs.bcc.BetterCompatibilityChecker/]: Loaded BetterCompatibilityChecker - Modpack: CHANGE_ME | Version: CHANGE_ME
[15Dec2025 20:38:09.755] [NeoForge Version Check/INFO] [net.neoforged.fml.VersionChecker/]: [controlling] Starting version check at https://updates.blamejared.com/get?n=controlling&gv=1.21.1&ml=neoforge
[15Dec2025 20:38:09.826] [Worker-ResourceReload-5/INFO] [net.minecraft.client.gui.font.providers.UnihexProvider/]: Found unifont_all_no_pua-15.1.05.hex, loading
[15Dec2025 20:38:09.862] [Worker-ResourceReload-6/INFO] [net.minecraft.client.gui.font.providers.UnihexProvider/]: Found unifont_jp_patch-15.1.05.hex, loading
[15Dec2025 20:38:10.190] [NeoForge Version Check/INFO] [net.neoforged.fml.VersionChecker/]: [controlling] Found status: BETA Current: 19.0.5 Target: 19.0.5
[15Dec2025 20:38:10.191] [NeoForge Version Check/INFO] [net.neoforged.fml.VersionChecker/]: [bookshelf] Starting version check at https://updates.blamejared.com/get?n=bookshelf&gv=1.21.1&ml=neoforge
[15Dec2025 20:38:10.215] [NeoForge Version Check/INFO] [net.neoforged.fml.VersionChecker/]: [bookshelf] Found status: BETA Current: 21.1.80 Target: 21.1.80
[15Dec2025 20:38:10.215] [NeoForge Version Check/INFO] [net.neoforged.fml.VersionChecker/]: [searchables] Starting version check at https://updates.blamejared.com/get?n=searchables&gv=1.21.1&ml=neoforge
[15Dec2025 20:38:10.237] [NeoForge Version Check/INFO] [net.neoforged.fml.VersionChecker/]: [searchables] Found status: BETA Current: 1.0.2 Target: 1.0.2
[15Dec2025 20:38:10.237] [NeoForge Version Check/INFO] [net.neoforged.fml.VersionChecker/]: [clumps] Starting version check at https://updates.blamejared.com/get?n=clumps&gv=1.21.1&ml=neoforge
[15Dec2025 20:38:10.259] [NeoForge Version Check/INFO] [net.neoforged.fml.VersionChecker/]: [clumps] Found status: BETA Current: 19.0.0.1 Target: 19.0.0.1
[15Dec2025 20:38:10.260] [NeoForge Version Check/INFO] [net.neoforged.fml.VersionChecker/]: [crafttweaker] Starting version check at https://updates.blamejared.com/get?n=crafttweaker&gv=1.21.1&ml=neoforge
[15Dec2025 20:38:10.282] [NeoForge Version Check/INFO] [net.neoforged.fml.VersionChecker/]: [crafttweaker] Found status: BETA Current: 21.0.35 Target: 21.0.35
[15Dec2025 20:38:10.283] [NeoForge Version Check/INFO] [net.neoforged.fml.VersionChecker/]: [moonlight] Starting version check at https://api.modrinth.com/updates/moonlight/neoforge_updates.json
[15Dec2025 20:38:10.472] [NeoForge Version Check/WARN] [net.neoforged.fml.VersionChecker/]: Failed to process update information
java.lang.NullPointerException: Cannot invoke "java.util.Map.get(Object)" because "promos" is null
	at MC-BOOTSTRAP/fml_loader@4.0.42/net.neoforged.fml.VersionChecker$1.process(VersionChecker.java:173) ~[loader-4.0.42.jar%23107!/:4.0]
	at java.base/java.lang.Iterable.forEach(Unknown Source) [?:?]
	at MC-BOOTSTRAP/fml_loader@4.0.42/net.neoforged.fml.VersionChecker$1.run(VersionChecker.java:105) [loader-4.0.42.jar%23107!/:4.0]
[15Dec2025 20:38:10.473] [NeoForge Version Check/INFO] [net.neoforged.fml.VersionChecker/]: [chiselsandbits] Starting version check at https://curseupdate.com/231095/chiselsandbits?ml=neoforge
[15Dec2025 20:38:10.556] [NeoForge Version Check/INFO] [net.neoforged.fml.VersionChecker/]: [chiselsandbits] Found status: UP_TO_DATE Current: 21.1.25 Target: null
[15Dec2025 20:38:10.707] [Render thread/INFO] [Moonlight/]: Initialized color sets in 19ms
[15Dec2025 20:38:10.718] [Render thread/ERROR] [Moonlight/]: Fabric API detected! This is not a Fabric mod, so please dont report related issues to MoonlightLib or its dependant. This can usually happen with connector or when having a mod that does NOT have a proper native Neoforge implementation as they SHOULD. This can easily lead to poor compatibility and issues. Proceed ar your own risk. 
 Mods that bundled Fabric API: [net.neoforged.fml.loading.moddiscovery.ModInfo@4397a639]
[15Dec2025 20:38:11.152] [Render thread/INFO] [KubeJS/]: Started the local web server at http://localhost:61423
[15Dec2025 20:38:11.604] [Render thread/INFO] [com.cupboard.Cupboard/]: Loaded config for: connectivity.json
[15Dec2025 20:38:11.792] [Worker-ResourceReload-5/INFO] [PonderIndex/]: Registering Ponder Scenes took 171.2 ms
[15Dec2025 20:38:11.800] [Worker-ResourceReload-5/INFO] [PonderIndex/]: Registering Ponder Tags took 8.207 ms
[15Dec2025 20:38:11.806] [Render thread/INFO] [Configured/]: Successfully loaded config provider: com.mrcrayfish.configured.impl.neoforge.NeoForgeConfigProvider
[15Dec2025 20:38:11.807] [Render thread/INFO] [Configured/]: Successfully loaded config provider: com.mrcrayfish.configured.impl.framework.FrameworkConfigProvider
[15Dec2025 20:38:11.808] [Render thread/INFO] [Configured/]: Successfully loaded config provider: com.mrcrayfish.configured.impl.jei.JeiConfigProvider
[15Dec2025 20:38:11.808] [Render thread/INFO] [Configured/]: Creating config GUI factories...
[15Dec2025 20:38:11.816] [Render thread/INFO] [Configured/]: Registering config factory for mod nanny. Found 1 config(s)
[15Dec2025 20:38:11.817] [Render thread/INFO] [Configured/]: Registering config factory for mod bcc. Found 1 config(s)
[15Dec2025 20:38:11.817] [Render thread/INFO] [Configured/]: Registering config factory for mod crashutilities. Found 1 config(s)
[15Dec2025 20:38:11.818] [Render thread/INFO] [Configured/]: Registering config factory for mod curios. Found 3 config(s)
[15Dec2025 20:38:11.818] [Render thread/INFO] [Configured/]: Registering config factory for mod aiimprovements. Found 1 config(s)
[15Dec2025 20:38:11.818] [Render thread/INFO] [Configured/]: Registering config factory for mod despawntweaks. Found 1 config(s)
[15Dec2025 20:38:11.819] [Render thread/INFO] [Configured/]: Registering config factory for mod does_it_tick. Found 1 config(s)
[15Dec2025 20:38:11.819] [Render thread/INFO] [Configured/]: Registering config factory for mod chunkactivitytracker. Found 1 config(s)
[15Dec2025 20:38:11.819] [Render thread/INFO] [Configured/]: Registering config factory for mod flywheel. Found 1 config(s)
[15Dec2025 20:38:11.819] [Render thread/INFO] [Configured/]: Registering config factory for mod chiselsandbits. Found 3 config(s)
[15Dec2025 20:38:12.129] [Render thread/WARN] [net.minecraft.client.sounds.SoundEngine/]: Missing sound for event: minecraft:item.goat_horn.play
[15Dec2025 20:38:12.129] [Render thread/WARN] [net.minecraft.client.sounds.SoundEngine/]: Missing sound for event: minecraft:entity.goat.screaming.horn_break
[15Dec2025 20:38:12.172] [Render thread/INFO] [com.mojang.blaze3d.audio.Library/]: OpenAL initialized on device OpenAL Soft on SteelSeries Sonar - Gaming (SteelSeries Sonar Virtual Audio Device)
[15Dec2025 20:38:12.173] [Render thread/INFO] [net.minecraft.client.sounds.SoundEngine/SOUNDS]: Sound engine started
[15Dec2025 20:38:12.284] [Render thread/INFO] [mod.chiselsandbits.client.reloading.ClientResourceReloadingManager/]: Resetting client caches
[15Dec2025 20:38:12.286] [Render thread/INFO] [mod.chiselsandbits.reloading.DataReloadingResourceManager/]: Resetting common caches
[15Dec2025 20:38:12.287] [Render thread/INFO] [net.minecraft.client.renderer.texture.TextureAtlas/]: Created: 256x256x0 chiselsandbits:textures/atlases/icons.png-atlas
[15Dec2025 20:38:12.289] [Render thread/INFO] [net.minecraft.client.renderer.texture.TextureAtlas/]: Created: 2048x2048x4 minecraft:textures/atlas/blocks.png-atlas
[15Dec2025 20:38:12.316] [Render thread/INFO] [net.minecraft.client.renderer.texture.TextureAtlas/]: Created: 256x256x4 minecraft:textures/atlas/signs.png-atlas
[15Dec2025 20:38:12.317] [Render thread/INFO] [net.minecraft.client.renderer.texture.TextureAtlas/]: Created: 512x512x4 minecraft:textures/atlas/shield_patterns.png-atlas
[15Dec2025 20:38:12.317] [Render thread/INFO] [net.minecraft.client.renderer.texture.TextureAtlas/]: Created: 512x512x4 minecraft:textures/atlas/banner_patterns.png-atlas
[15Dec2025 20:38:12.318] [Render thread/INFO] [net.minecraft.client.renderer.texture.TextureAtlas/]: Created: 2048x1024x4 minecraft:textures/atlas/armor_trims.png-atlas
[15Dec2025 20:38:12.322] [Render thread/INFO] [net.minecraft.client.renderer.texture.TextureAtlas/]: Created: 256x256x4 minecraft:textures/atlas/chest.png-atlas
[15Dec2025 20:38:12.323] [Render thread/INFO] [net.minecraft.client.renderer.texture.TextureAtlas/]: Created: 128x64x4 minecraft:textures/atlas/decorated_pot.png-atlas
[15Dec2025 20:38:12.324] [Render thread/INFO] [net.minecraft.client.renderer.texture.TextureAtlas/]: Created: 512x256x4 minecraft:textures/atlas/beds.png-atlas
[15Dec2025 20:38:12.324] [Render thread/INFO] [net.minecraft.client.renderer.texture.TextureAtlas/]: Created: 512x256x4 minecraft:textures/atlas/shulker_boxes.png-atlas
[15Dec2025 20:38:12.400] [Render thread/INFO] [net.minecraft.client.renderer.texture.TextureAtlas/]: Created: 512x256x0 minecraft:textures/atlas/particles.png-atlas
[15Dec2025 20:38:12.402] [Render thread/INFO] [net.minecraft.client.renderer.texture.TextureAtlas/]: Created: 512x256x0 minecraft:textures/atlas/paintings.png-atlas
[15Dec2025 20:38:12.402] [Render thread/INFO] [net.minecraft.client.renderer.texture.TextureAtlas/]: Created: 256x128x0 minecraft:textures/atlas/mob_effects.png-atlas
[15Dec2025 20:38:12.402] [Render thread/INFO] [net.minecraft.client.renderer.texture.TextureAtlas/]: Created: 256x256x0 minecraft:textures/atlas/map_decorations.png-atlas
[15Dec2025 20:38:12.403] [Render thread/INFO] [net.minecraft.client.renderer.texture.TextureAtlas/]: Created: 1024x512x0 minecraft:textures/atlas/gui.png-atlas
[15Dec2025 20:38:12.422] [Render thread/WARN] [net.minecraft.client.renderer.ShaderInstance/]: Shader rendertype_entity_translucent_emissive could not find sampler named Sampler2 in the specified shader program.
[15Dec2025 20:38:12.473] [Render thread/INFO] [net.neoforged.neoforge.client.entity.animation.json.AnimationLoader/]: Loaded 0 entity animations
[15Dec2025 20:38:12.503] [Render thread/INFO] [flywheel/backend/shaders/]: Loaded 78 shader sources in 24.509 ms
[15Dec2025 20:38:12.541] [Render thread/INFO] [com.simibubi.create.Create/]: Loaded 58 train hat configurations.
[15Dec2025 20:38:14.570] [Render thread/WARN] [ModernFix/]: Game took 19.357 seconds to start
[15Dec2025 20:38:15.840] [Render thread/INFO] [com.cupboard.Cupboard/]: Loaded config for: lootintegrations.json
[15Dec2025 20:38:15.840] [Render thread/INFO] [com.cupboard.Cupboard/]: Loaded config for: chunksending.json
[15Dec2025 20:38:15.841] [Render thread/INFO] [com.cupboard.Cupboard/]: Loaded config for: dynamicview.json
[15Dec2025 20:38:15.841] [Render thread/INFO] [com.cupboard.Cupboard/]: Loaded config for: limitedchunks.json
[15Dec2025 20:38:15.841] [Render thread/INFO] [com.cupboard.Cupboard/]: Loaded config for: smoothchunk.json
[15Dec2025 20:38:15.841] [Render thread/INFO] [com.cupboard.Cupboard/]: Loaded config for: logprot.json
[15Dec2025 20:38:15.876] [Render thread/INFO] [dev.kostromdan.mods.crash_assistant.common_config.mod_list.ModListUtils/]: Parsed 67 mod(s) metadata in 5 ms
[15Dec2025 20:38:15.879] [Render thread/INFO] [dev.kostromdan.mods.crash_assistant.common_config.mod_list.ModListUtils/]: Modlist saved to config\crash_assistant\modlist.json
